[0105/130238.328:ERROR:process_memory_win.cc(73)] ReadMemory at 0x7fff00db42d0 of 28 bytes failed: Only part of a ReadProcessMemory or WriteProcessMemory request was completed. (0x12B)
[0105/130241.252:WARNING:pe_image_reader.cc(171)] could not read data directory from C:\WINDOWS\SYSTEM32\CRYPTBASE.DLL
[0105/130241.253:ERROR:process_memory_win.cc(73)] ReadMemory at 0x7fff00db0000 of 64 bytes failed: Only part of a ReadProcessMemory or WriteProcessMemory request was completed. (0x12B)
[0105/130241.253:WARNING:pe_image_reader.cc(340)] could not read dos header from C:\WINDOWS\SYSTEM32\CRYPTBASE.DLL
[0105/130241.253:ERROR:process_memory_win.cc(73)] ReadMemory at 0x7fff04665fe8 of 8 bytes failed: Only part of a ReadProcessMemory or WriteProcessMemory request was completed. (0x12B)
[0105/130241.254:ERROR:process_snapshot_win.cc(311)] failed to read target address
[0105/130248.448:ERROR:process_memory_win.cc(73)] ReadMemory at 0x7ff60b560000 of 64 bytes failed: Only part of a ReadProcessMemory or WriteProcessMemory request was completed. (0x12B)
[0105/130248.448:WARNING:pe_image_reader.cc(340)] could not read dos header from C:\Program Files (x86)\Google\Chrome\Application\chrome.exe
[0105/130248.448:ERROR:process_memory_win.cc(73)] ReadMemory at 0x7fff04500000 of 64 bytes failed: Only part of a ReadProcessMemory or WriteProcessMemory request was completed. (0x12B)
[0105/130248.448:WARNING:pe_image_reader.cc(340)] could not read dos header from C:\WINDOWS\SYSTEM32\ntdll.dll
[0105/130248.449:ERROR:process_memory_win.cc(73)] ReadMemory at 0x7fff03030000 of 64 bytes failed: Only part of a ReadProcessMemory or WriteProcessMemory request was completed. (0x12B)
[0105/130248.449:WARNING:pe_image_reader.cc(340)] could not read dos header from C:\WINDOWS\System32\KERNEL32.DLL
[0105/130248.449:ERROR:process_memory_win.cc(73)] ReadMemory at 0x7fff017a0000 of 64 bytes failed: Only part of a ReadProcessMemory or WriteProcessMemory request was completed. (0x12B)
[0105/130248.449:WARNING:pe_image_reader.cc(340)] could not read dos header from C:\WINDOWS\System32\KERNELBASE.dll
[0105/130248.449:ERROR:process_memory_win.cc(73)] ReadMemory at 0x7ffeb7240000 of 64 bytes failed: Only part of a ReadProcessMemory or WriteProcessMemory request was completed. (0x12B)
[0105/130248.449:WARNING:pe_image_reader.cc(340)] could not read dos header from C:\Program Files (x86)\Google\Chrome\Application\79.0.3945.88\chrome_elf.dll
[0105/130248.449:ERROR:process_memory_win.cc(73)] ReadMemory at 0x7ffef9fd0000 of 64 bytes failed: Only part of a ReadProcessMemory or WriteProcessMemory request was completed. (0x12B)
[0105/130248.449:WARNING:pe_image_reader.cc(340)] could not read dos header from C:\WINDOWS\SYSTEM32\VERSION.dll
[0105/130248.450:ERROR:process_memory_win.cc(73)] ReadMemory at 0x7fff04370000 of 64 bytes failed: Only part of a ReadProcessMemory or WriteProcessMemory request was completed. (0x12B)
[0105/130248.450:WARNING:pe_image_reader.cc(340)] could not read dos header from C:\WINDOWS\System32\msvcrt.dll
[0105/130248.450:ERROR:process_memory_win.cc(73)] ReadMemory at 0x7fff01b80000 of 64 bytes failed: Only part of a ReadProcessMemory or WriteProcessMemory request was completed. (0x12B)
[0105/130248.450:WARNING:pe_image_reader.cc(340)] could not read dos header from C:\WINDOWS\System32\bcryptPrimitives.dll
[0105/130248.450:ERROR:process_memory_win.cc(73)] ReadMemory at 0x7fff034c0000 of 64 bytes failed: Only part of a ReadProcessMemory or WriteProcessMemory request was completed. (0x12B)
[0105/130248.450:WARNING:pe_image_reader.cc(340)] could not read dos header from C:\WINDOWS\System32\ADVAPI32.dll
[0105/130248.450:ERROR:process_memory_win.cc(73)] ReadMemory at 0x7fff02f90000 of 64 bytes failed: Only part of a ReadProcessMemory or WriteProcessMemory request was completed. (0x12B)
[0105/130248.450:WARNING:pe_image_reader.cc(340)] could not read dos header from C:\WINDOWS\System32\sechost.dll
[0105/130248.450:ERROR:process_memory_win.cc(73)] ReadMemory at 0x7fff02ad0000 of 64 bytes failed: Only part of a ReadProcessMemory or WriteProcessMemory request was completed. (0x12B)
[0105/130248.451:WARNING:pe_image_reader.cc(340)] could not read dos header from C:\WINDOWS\System32\RPCRT4.dll
[0105/130248.451:ERROR:process_memory_win.cc(73)] ReadMemory at 0x7ffea7890000 of 64 bytes failed: Only part of a ReadProcessMemory or WriteProcessMemory request was completed. (0x12B)
[0105/130248.451:WARNING:pe_image_reader.cc(340)] could not read dos header from C:\Program Files (x86)\Google\Chrome\Application\79.0.3945.88\chrome_child.dll
[0105/130248.451:ERROR:process_memory_win.cc(73)] ReadMemory at 0x7fff033f0000 of 64 bytes failed: Only part of a ReadProcessMemory or WriteProcessMemory request was completed. (0x12B)
[0105/130248.451:WARNING:pe_image_reader.cc(340)] could not read dos header from C:\WINDOWS\System32\OLEAUT32.dll
[0105/130248.451:ERROR:process_memory_win.cc(73)] ReadMemory at 0x7fff01a50000 of 64 bytes failed: Only part of a ReadProcessMemory or WriteProcessMemory request was completed. (0x12B)
[0105/130248.451:WARNING:pe_image_reader.cc(340)] could not read dos header from C:\WINDOWS\System32\msvcp_win.dll
[0105/130248.452:ERROR:process_memory_win.cc(73)] ReadMemory at 0x7fff01c00000 of 64 bytes failed: Only part of a ReadProcessMemory or WriteProcessMemory request was completed. (0x12B)
[0105/130248.452:WARNING:pe_image_reader.cc(340)] could not read dos header from C:\WINDOWS\System32\ucrtbase.dll
[0105/130248.452:ERROR:process_memory_win.cc(73)] ReadMemory at 0x7fff03570000 of 64 bytes failed: Only part of a ReadProcessMemory or WriteProcessMemory request was completed. (0x12B)
[0105/130248.452:WARNING:pe_image_reader.cc(340)] could not read dos header from C:\WINDOWS\System32\combase.dll
[0105/130248.452:ERROR:process_memory_win.cc(73)] ReadMemory at 0x7fff02cc0000 of 64 bytes failed: Only part of a ReadProcessMemory or WriteProcessMemory request was completed. (0x12B)
[0105/130248.452:WARNING:pe_image_reader.cc(340)] could not read dos header from C:\WINDOWS\System32\WS2_32.dll
[0105/130248.452:ERROR:process_memory_win.cc(73)] ReadMemory at 0x7fff01af0000 of 64 bytes failed: Only part of a ReadProcessMemory or WriteProcessMemory request was completed. (0x12B)
[0105/130248.452:WARNING:pe_image_reader.cc(340)] could not read dos header from C:\WINDOWS\System32\WINTRUST.dll
[0105/130248.452:ERROR:process_memory_win.cc(73)] ReadMemory at 0x7fff01400000 of 64 bytes failed: Only part of a ReadProcessMemory or WriteProcessMemory request was completed. (0x12B)
[0105/130248.453:WARNING:pe_image_reader.cc(340)] could not read dos header from C:\WINDOWS\System32\MSASN1.dll
[0105/130248.453:ERROR:process_memory_win.cc(73)] ReadMemory at 0x7fff01630000 of 64 bytes failed: Only part of a ReadProcessMemory or WriteProcessMemory request was completed. (0x12B)
[0105/130248.453:WARNING:pe_image_reader.cc(340)] could not read dos header from C:\WINDOWS\System32\CRYPT32.dll
[0105/130248.453:ERROR:process_memory_win.cc(73)] ReadMemory at 0x7fff008f0000 of 64 bytes failed: Only part of a ReadProcessMemory or WriteProcessMemory request was completed. (0x12B)
[0105/130248.453:WARNING:pe_image_reader.cc(340)] could not read dos header from C:\WINDOWS\SYSTEM32\IPHLPAPI.DLL
[0105/130248.453:ERROR:process_memory_win.cc(73)] ReadMemory at 0x7ffeff400000 of 64 bytes failed: Only part of a ReadProcessMemory or WriteProcessMemory request was completed. (0x12B)
[0105/130248.453:WARNING:pe_image_reader.cc(340)] could not read dos header from C:\WINDOWS\SYSTEM32\WINMM.dll
[0105/130248.453:ERROR:process_memory_win.cc(73)] ReadMemory at 0x7fff012f0000 of 64 bytes failed: Only part of a ReadProcessMemory or WriteProcessMemory request was completed. (0x12B)
[0105/130248.453:WARNING:pe_image_reader.cc(340)] could not read dos header from C:\WINDOWS\SYSTEM32\USERENV.dll
[0105/130248.454:ERROR:process_memory_win.cc(73)] ReadMemory at 0x7fff013e0000 of 64 bytes failed: Only part of a ReadProcessMemory or WriteProcessMemory request was completed. (0x12B)
[0105/130248.454:WARNING:pe_image_reader.cc(340)] could not read dos header from C:\WINDOWS\System32\profapi.dll
[0105/130248.454:ERROR:process_memory_win.cc(73)] ReadMemory at 0x7ffef6bb0000 of 64 bytes failed: Only part of a ReadProcessMemory or WriteProcessMemory request was completed. (0x12B)
[0105/130248.454:WARNING:pe_image_reader.cc(340)] could not read dos header from C:\WINDOWS\SYSTEM32\DWrite.dll
[0105/130248.454:ERROR:process_memory_win.cc(73)] ReadMemory at 0x7ffee67f0000 of 64 bytes failed: Only part of a ReadProcessMemory or WriteProcessMemory request was completed. (0x12B)
[0105/130248.454:WARNING:pe_image_reader.cc(340)] could not read dos header from C:\WINDOWS\SYSTEM32\WINSPOOL.DRV
[0105/130248.454:ERROR:process_memory_win.cc(73)] ReadMemory at 0x7fff01420000 of 64 bytes failed: Only part of a ReadProcessMemory or WriteProcessMemory request was completed. (0x12B)
[0105/130248.454:WARNING:pe_image_reader.cc(340)] could not read dos header from C:\WINDOWS\System32\kernel.appcore.dll
[0105/130248.455:ERROR:process_memory_win.cc(73)] ReadMemory at 0x7fff01b50000 of 64 bytes failed: Only part of a ReadProcessMemory or WriteProcessMemory request was completed. (0x12B)
[0105/130248.455:WARNING:pe_image_reader.cc(340)] could not read dos header from C:\WINDOWS\System32\bcrypt.dll
[0105/130248.455:ERROR:process_memory_win.cc(73)] ReadMemory at 0x7ffef5680000 of 64 bytes failed: Only part of a ReadProcessMemory or WriteProcessMemory request was completed. (0x12B)
[0105/130248.455:WARNING:pe_image_reader.cc(340)] could not read dos header from C:\WINDOWS\SYSTEM32\dbghelp.dll
[0105/130248.455:ERROR:process_memory_win.cc(73)] ReadMemory at 0x7ffeee770000 of 64 bytes failed: Only part of a ReadProcessMemory or WriteProcessMemory request was completed. (0x12B)
[0105/130248.455:WARNING:pe_image_reader.cc(340)] could not read dos header from C:\WINDOWS\SYSTEM32\Secur32.dll
[0105/130248.455:ERROR:process_memory_win.cc(73)] ReadMemory at 0x7ffef44f0000 of 64 bytes failed: Only part of a ReadProcessMemory or WriteProcessMemory request was completed. (0x12B)
[0105/130248.455:WARNING:pe_image_reader.cc(340)] could not read dos header from C:\WINDOWS\SYSTEM32\WINHTTP.dll
[0105/130248.455:ERROR:process_memory_win.cc(73)] ReadMemory at 0x7ffef72c0000 of 64 bytes failed: Only part of a ReadProcessMemory or WriteProcessMemory request was completed. (0x12B)
[0105/130248.455:WARNING:pe_image_reader.cc(340)] could not read dos header from C:\WINDOWS\SYSTEM32\dhcpcsvc.DLL
[0105/130248.456:ERROR:process_memory_win.cc(73)] ReadMemory at 0x7fff04360000 of 64 bytes failed: Only part of a ReadProcessMemory or WriteProcessMemory request was completed. (0x12B)
[0105/130248.456:WARNING:pe_image_reader.cc(340)] could not read dos header from C:\WINDOWS\System32\NSI.dll
[0105/130248.456:ERROR:process_memory_win.cc(73)] ReadMemory at 0x7ffeff3d0000 of 64 bytes failed: Only part of a ReadProcessMemory or WriteProcessMemory request was completed. (0x12B)
[0105/130248.456:WARNING:pe_image_reader.cc(340)] could not read dos header from C:\WINDOWS\SYSTEM32\WINMMBASE.dll
[0105/130248.456:ERROR:process_memory_win.cc(73)] ReadMemory at 0x7fff01d00000 of 64 bytes failed: Only part of a ReadProcessMemory or WriteProcessMemory request was completed. (0x12B)
[0105/130248.456:WARNING:pe_image_reader.cc(340)] could not read dos header from C:\WINDOWS\System32\cfgmgr32.dll
[0105/130248.456:ERROR:process_memory_win.cc(73)] ReadMemory at 0x7ffefead0000 of 64 bytes failed: Only part of a ReadProcessMemory or WriteProcessMemory request was completed. (0x12B)
[0105/130248.456:WARNING:pe_image_reader.cc(340)] could not read dos header from C:\WINDOWS\SYSTEM32\PROPSYS.dll
[0105/130248.456:ERROR:process_memory_win.cc(73)] ReadMemory at 0x7fff02ee0000 of 64 bytes failed: Only part of a ReadProcessMemory or WriteProcessMemory request was completed. (0x12B)
[0105/130248.457:WARNING:pe_image_reader.cc(340)] could not read dos header from C:\WINDOWS\System32\shcore.dll
[0105/130248.457:ERROR:process_memory_win.cc(73)] ReadMemory at 0x7fff012c0000 of 64 bytes failed: Only part of a ReadProcessMemory or WriteProcessMemory request was completed. (0x12B)
[0105/130248.457:WARNING:pe_image_reader.cc(340)] could not read dos header from C:\WINDOWS\SYSTEM32\SSPICLI.DLL
[0105/130248.457:ERROR:process_memory_win.cc(73)] ReadMemory at 0x7fff00db0000 of 64 bytes failed: Only part of a ReadProcessMemory or WriteProcessMemory request was completed. (0x12B)
[0105/130248.457:WARNING:pe_image_reader.cc(340)] could not read dos header from C:\WINDOWS\SYSTEM32\CRYPTBASE.DLL
[0105/130248.458:ERROR:process_memory_win.cc(73)] ReadMemory at 0x7ff60b560000 of 64 bytes failed: Only part of a ReadProcessMemory or WriteProcessMemory request was completed. (0x12B)
[0105/130248.458:WARNING:pe_image_reader.cc(340)] could not read dos header from C:\Program Files (x86)\Google\Chrome\Application\chrome.exe
[0105/130248.459:ERROR:process_memory_win.cc(73)] ReadMemory at 0x7ff60b560000 of 64 bytes failed: Only part of a ReadProcessMemory or WriteProcessMemory request was completed. (0x12B)
[0105/130248.459:WARNING:pe_image_reader.cc(340)] could not read dos header from C:\Program Files (x86)\Google\Chrome\Application\chrome.exe
[0105/130248.459:ERROR:process_memory_win.cc(73)] ReadMemory at 0x7fff04500000 of 64 bytes failed: Only part of a ReadProcessMemory or WriteProcessMemory request was completed. (0x12B)
[0105/130248.459:WARNING:pe_image_reader.cc(340)] could not read dos header from C:\WINDOWS\SYSTEM32\ntdll.dll
[0105/130248.459:ERROR:process_memory_win.cc(73)] ReadMemory at 0x7fff04500000 of 64 bytes failed: Only part of a ReadProcessMemory or WriteProcessMemory request was completed. (0x12B)
[0105/130248.459:WARNING:pe_image_reader.cc(340)] could not read dos header from C:\WINDOWS\SYSTEM32\ntdll.dll
[0105/130248.459:ERROR:process_memory_win.cc(73)] ReadMemory at 0x7fff03030000 of 64 bytes failed: Only part of a ReadProcessMemory or WriteProcessMemory request was completed. (0x12B)
[0105/130248.460:WARNING:pe_image_reader.cc(340)] could not read dos header from C:\WINDOWS\System32\KERNEL32.DLL
[0105/130248.460:ERROR:process_memory_win.cc(73)] ReadMemory at 0x7fff03030000 of 64 bytes failed: Only part of a ReadProcessMemory or WriteProcessMemory request was completed. (0x12B)
[0105/130248.460:WARNING:pe_image_reader.cc(340)] could not read dos header from C:\WINDOWS\System32\KERNEL32.DLL
[0105/130248.460:ERROR:process_memory_win.cc(73)] ReadMemory at 0x7fff017a0000 of 64 bytes failed: Only part of a ReadProcessMemory or WriteProcessMemory request was completed. (0x12B)
[0105/130248.460:WARNING:pe_image_reader.cc(340)] could not read dos header from C:\WINDOWS\System32\KERNELBASE.dll
[0105/130248.460:ERROR:process_memory_win.cc(73)] ReadMemory at 0x7fff017a0000 of 64 bytes failed: Only part of a ReadProcessMemory or WriteProcessMemory request was completed. (0x12B)
[0105/130248.460:WARNING:pe_image_reader.cc(340)] could not read dos header from C:\WINDOWS\System32\KERNELBASE.dll
[0105/130248.460:ERROR:process_memory_win.cc(73)] ReadMemory at 0x7ffeb7240000 of 64 bytes failed: Only part of a ReadProcessMemory or WriteProcessMemory request was completed. (0x12B)
[0105/130248.461:WARNING:pe_image_reader.cc(340)] could not read dos header from C:\Program Files (x86)\Google\Chrome\Application\79.0.3945.88\chrome_elf.dll
[0105/130248.461:ERROR:process_memory_win.cc(73)] ReadMemory at 0x7ffeb7240000 of 64 bytes failed: Only part of a ReadProcessMemory or WriteProcessMemory request was completed. (0x12B)
[0105/130248.461:WARNING:pe_image_reader.cc(340)] could not read dos header from C:\Program Files (x86)\Google\Chrome\Application\79.0.3945.88\chrome_elf.dll
[0105/130248.461:ERROR:process_memory_win.cc(73)] ReadMemory at 0x7ffef9fd0000 of 64 bytes failed: Only part of a ReadProcessMemory or WriteProcessMemory request was completed. (0x12B)
[0105/130248.461:WARNING:pe_image_reader.cc(340)] could not read dos header from C:\WINDOWS\SYSTEM32\VERSION.dll
[0105/130248.461:ERROR:process_memory_win.cc(73)] ReadMemory at 0x7ffef9fd0000 of 64 bytes failed: Only part of a ReadProcessMemory or WriteProcessMemory request was completed. (0x12B)
[0105/130248.461:WARNING:pe_image_reader.cc(340)] could not read dos header from C:\WINDOWS\SYSTEM32\VERSION.dll
[0105/130248.461:ERROR:process_memory_win.cc(73)] ReadMemory at 0x7fff04370000 of 64 bytes failed: Only part of a ReadProcessMemory or WriteProcessMemory request was completed. (0x12B)
[0105/130249.991:WARNING:pe_image_reader.cc(340)] could not read dos header from C:\WINDOWS\System32\msvcrt.dll
[0105/130249.991:ERROR:process_memory_win.cc(73)] ReadMemory at 0x7fff04370000 of 64 bytes failed: Only part of a ReadProcessMemory or WriteProcessMemory request was completed. (0x12B)
[0105/130249.991:WARNING:pe_image_reader.cc(340)] could not read dos header from C:\WINDOWS\System32\msvcrt.dll
[0105/130249.991:ERROR:process_memory_win.cc(73)] ReadMemory at 0x7fff01b80000 of 64 bytes failed: Only part of a ReadProcessMemory or WriteProcessMemory request was completed. (0x12B)
[0105/130249.991:WARNING:pe_image_reader.cc(340)] could not read dos header from C:\WINDOWS\System32\bcryptPrimitives.dll
[0105/130249.992:ERROR:process_memory_win.cc(73)] ReadMemory at 0x7fff01b80000 of 64 bytes failed: Only part of a ReadProcessMemory or WriteProcessMemory request was completed. (0x12B)
[0105/130249.992:WARNING:pe_image_reader.cc(340)] could not read dos header from C:\WINDOWS\System32\bcryptPrimitives.dll
[0105/130249.992:ERROR:process_memory_win.cc(73)] ReadMemory at 0x7fff034c0000 of 64 bytes failed: Only part of a ReadProcessMemory or WriteProcessMemory request was completed. (0x12B)
[0105/130249.992:WARNING:pe_image_reader.cc(340)] could not read dos header from C:\WINDOWS\System32\ADVAPI32.dll
[0105/130249.992:ERROR:process_memory_win.cc(73)] ReadMemory at 0x7fff034c0000 of 64 bytes failed: Only part of a ReadProcessMemory or WriteProcessMemory request was completed. (0x12B)
[0105/130249.993:WARNING:pe_image_reader.cc(340)] could not read dos header from C:\WINDOWS\System32\ADVAPI32.dll
[0105/130249.993:ERROR:process_memory_win.cc(73)] ReadMemory at 0x7fff02f90000 of 64 bytes failed: Only part of a ReadProcessMemory or WriteProcessMemory request was completed. (0x12B)
[0105/130249.993:WARNING:pe_image_reader.cc(340)] could not read dos header from C:\WINDOWS\System32\sechost.dll
[0105/130249.993:ERROR:process_memory_win.cc(73)] ReadMemory at 0x7fff02f90000 of 64 bytes failed: Only part of a ReadProcessMemory or WriteProcessMemory request was completed. (0x12B)
[0105/130249.993:WARNING:pe_image_reader.cc(340)] could not read dos header from C:\WINDOWS\System32\sechost.dll
[0105/130249.993:ERROR:process_memory_win.cc(73)] ReadMemory at 0x7fff02ad0000 of 64 bytes failed: Only part of a ReadProcessMemory or WriteProcessMemory request was completed. (0x12B)
[0105/130249.994:WARNING:pe_image_reader.cc(340)] could not read dos header from C:\WINDOWS\System32\RPCRT4.dll
[0105/130249.994:ERROR:process_memory_win.cc(73)] ReadMemory at 0x7fff02ad0000 of 64 bytes failed: Only part of a ReadProcessMemory or WriteProcessMemory request was completed. (0x12B)
[0105/130249.994:WARNING:pe_image_reader.cc(340)] could not read dos header from C:\WINDOWS\System32\RPCRT4.dll
[0105/130249.994:ERROR:process_memory_win.cc(73)] ReadMemory at 0x7ffea7890000 of 64 bytes failed: Only part of a ReadProcessMemory or WriteProcessMemory request was completed. (0x12B)
[0105/130249.994:WARNING:pe_image_reader.cc(340)] could not read dos header from C:\Program Files (x86)\Google\Chrome\Application\79.0.3945.88\chrome_child.dll
[0105/130249.994:ERROR:process_memory_win.cc(73)] ReadMemory at 0x7ffea7890000 of 64 bytes failed: Only part of a ReadProcessMemory or WriteProcessMemory request was completed. (0x12B)
[0105/130249.994:WARNING:pe_image_reader.cc(340)] could not read dos header from C:\Program Files (x86)\Google\Chrome\Application\79.0.3945.88\chrome_child.dll
[0105/130249.995:ERROR:process_memory_win.cc(73)] ReadMemory at 0x7fff033f0000 of 64 bytes failed: Only part of a ReadProcessMemory or WriteProcessMemory request was completed. (0x12B)
[0105/130249.995:WARNING:pe_image_reader.cc(340)] could not read dos header from C:\WINDOWS\System32\OLEAUT32.dll
[0105/130249.995:ERROR:process_memory_win.cc(73)] ReadMemory at 0x7fff033f0000 of 64 bytes failed: Only part of a ReadProcessMemory or WriteProcessMemory request was completed. (0x12B)
[0105/130249.995:WARNING:pe_image_reader.cc(340)] could not read dos header from C:\WINDOWS\System32\OLEAUT32.dll
[0105/130249.995:ERROR:process_memory_win.cc(73)] ReadMemory at 0x7fff01a50000 of 64 bytes failed: Only part of a ReadProcessMemory or WriteProcessMemory request was completed. (0x12B)
[0105/130249.995:WARNING:pe_image_reader.cc(340)] could not read dos header from C:\WINDOWS\System32\msvcp_win.dll
[0105/130249.995:ERROR:process_memory_win.cc(73)] ReadMemory at 0x7fff01a50000 of 64 bytes failed: Only part of a ReadProcessMemory or WriteProcessMemory request was completed. (0x12B)
[0105/130249.996:WARNING:pe_image_reader.cc(340)] could not read dos header from C:\WINDOWS\System32\msvcp_win.dll
[0105/130249.996:ERROR:process_memory_win.cc(73)] ReadMemory at 0x7fff01c00000 of 64 bytes failed: Only part of a ReadProcessMemory or WriteProcessMemory request was completed. (0x12B)
[0105/130249.996:WARNING:pe_image_reader.cc(340)] could not read dos header from C:\WINDOWS\System32\ucrtbase.dll
[0105/130249.996:ERROR:process_memory_win.cc(73)] ReadMemory at 0x7fff01c00000 of 64 bytes failed: Only part of a ReadProcessMemory or WriteProcessMemory request was completed. (0x12B)
[0105/130249.996:WARNING:pe_image_reader.cc(340)] could not read dos header from C:\WINDOWS\System32\ucrtbase.dll
[0105/130249.996:ERROR:process_memory_win.cc(73)] ReadMemory at 0x7fff03570000 of 64 bytes failed: Only part of a ReadProcessMemory or WriteProcessMemory request was completed. (0x12B)
[0105/130249.996:WARNING:pe_image_reader.cc(340)] could not read dos header from C:\WINDOWS\System32\combase.dll
[0105/130249.997:ERROR:process_memory_win.cc(73)] ReadMemory at 0x7fff03570000 of 64 bytes failed: Only part of a ReadProcessMemory or WriteProcessMemory request was completed. (0x12B)
[0105/130249.997:WARNING:pe_image_reader.cc(340)] could not read dos header from C:\WINDOWS\System32\combase.dll
[0105/130249.997:ERROR:process_memory_win.cc(73)] ReadMemory at 0x7fff02cc0000 of 64 bytes failed: Only part of a ReadProcessMemory or WriteProcessMemory request was completed. (0x12B)
[0105/130249.997:WARNING:pe_image_reader.cc(340)] could not read dos header from C:\WINDOWS\System32\WS2_32.dll
[0105/130249.997:ERROR:process_memory_win.cc(73)] ReadMemory at 0x7fff02cc0000 of 64 bytes failed: Only part of a ReadProcessMemory or WriteProcessMemory request was completed. (0x12B)
[0105/130249.997:WARNING:pe_image_reader.cc(340)] could not read dos header from C:\WINDOWS\System32\WS2_32.dll
[0105/130249.997:ERROR:process_memory_win.cc(73)] ReadMemory at 0x7fff01af0000 of 64 bytes failed: Only part of a ReadProcessMemory or WriteProcessMemory request was completed. (0x12B)
[0105/130249.998:WARNING:pe_image_reader.cc(340)] could not read dos header from C:\WINDOWS\System32\WINTRUST.dll
[0105/130249.998:ERROR:process_memory_win.cc(73)] ReadMemory at 0x7fff01af0000 of 64 bytes failed: Only part of a ReadProcessMemory or WriteProcessMemory request was completed. (0x12B)
[0105/130249.998:WARNING:pe_image_reader.cc(340)] could not read dos header from C:\WINDOWS\System32\WINTRUST.dll
[0105/130249.998:ERROR:process_memory_win.cc(73)] ReadMemory at 0x7fff01400000 of 64 bytes failed: Only part of a ReadProcessMemory or WriteProcessMemory request was completed. (0x12B)
[0105/130249.998:WARNING:pe_image_reader.cc(340)] could not read dos header from C:\WINDOWS\System32\MSASN1.dll
[0105/130249.998:ERROR:process_memory_win.cc(73)] ReadMemory at 0x7fff01400000 of 64 bytes failed: Only part of a ReadProcessMemory or WriteProcessMemory request was completed. (0x12B)
[0105/130249.998:WARNING:pe_image_reader.cc(340)] could not read dos header from C:\WINDOWS\System32\MSASN1.dll
[0105/130249.999:ERROR:process_memory_win.cc(73)] ReadMemory at 0x7fff01630000 of 64 bytes failed: Only part of a ReadProcessMemory or WriteProcessMemory request was completed. (0x12B)
[0105/130249.999:WARNING:pe_image_reader.cc(340)] could not read dos header from C:\WINDOWS\System32\CRYPT32.dll
[0105/130249.999:ERROR:process_memory_win.cc(73)] ReadMemory at 0x7fff01630000 of 64 bytes failed: Only part of a ReadProcessMemory or WriteProcessMemory request was completed. (0x12B)
[0105/130249.999:WARNING:pe_image_reader.cc(340)] could not read dos header from C:\WINDOWS\System32\CRYPT32.dll
[0105/130249.999:ERROR:process_memory_win.cc(73)] ReadMemory at 0x7fff008f0000 of 64 bytes failed: Only part of a ReadProcessMemory or WriteProcessMemory request was completed. (0x12B)
[0105/130249.999:WARNING:pe_image_reader.cc(340)] could not read dos header from C:\WINDOWS\SYSTEM32\IPHLPAPI.DLL
[0105/130249.999:ERROR:process_memory_win.cc(73)] ReadMemory at 0x7fff008f0000 of 64 bytes failed: Only part of a ReadProcessMemory or WriteProcessMemory request was completed. (0x12B)
[0105/130249.999:WARNING:pe_image_reader.cc(340)] could not read dos header from C:\WINDOWS\SYSTEM32\IPHLPAPI.DLL
[0105/130250.000:ERROR:process_memory_win.cc(73)] ReadMemory at 0x7ffeff400000 of 64 bytes failed: Only part of a ReadProcessMemory or WriteProcessMemory request was completed. (0x12B)
[0105/130250.000:WARNING:pe_image_reader.cc(340)] could not read dos header from C:\WINDOWS\SYSTEM32\WINMM.dll
[0105/130250.000:ERROR:process_memory_win.cc(73)] ReadMemory at 0x7ffeff400000 of 64 bytes failed: Only part of a ReadProcessMemory or WriteProcessMemory request was completed. (0x12B)
[0105/130250.000:WARNING:pe_image_reader.cc(340)] could not read dos header from C:\WINDOWS\SYSTEM32\WINMM.dll
[0105/130250.000:ERROR:process_memory_win.cc(73)] ReadMemory at 0x7fff012f0000 of 64 bytes failed: Only part of a ReadProcessMemory or WriteProcessMemory request was completed. (0x12B)
[0105/130250.000:WARNING:pe_image_reader.cc(340)] could not read dos header from C:\WINDOWS\SYSTEM32\USERENV.dll
[0105/130250.000:ERROR:process_memory_win.cc(73)] ReadMemory at 0x7fff012f0000 of 64 bytes failed: Only part of a ReadProcessMemory or WriteProcessMemory request was completed. (0x12B)
[0105/130250.000:WARNING:pe_image_reader.cc(340)] could not read dos header from C:\WINDOWS\SYSTEM32\USERENV.dll
[0105/130250.001:ERROR:process_memory_win.cc(73)] ReadMemory at 0x7fff013e0000 of 64 bytes failed: Only part of a ReadProcessMemory or WriteProcessMemory request was completed. (0x12B)
[0105/130250.001:WARNING:pe_image_reader.cc(340)] could not read dos header from C:\WINDOWS\System32\profapi.dll
[0105/130250.001:ERROR:process_memory_win.cc(73)] ReadMemory at 0x7fff013e0000 of 64 bytes failed: Only part of a ReadProcessMemory or WriteProcessMemory request was completed. (0x12B)
[0105/130250.001:WARNING:pe_image_reader.cc(340)] could not read dos header from C:\WINDOWS\System32\profapi.dll
[0105/130250.001:ERROR:process_memory_win.cc(73)] ReadMemory at 0x7ffef6bb0000 of 64 bytes failed: Only part of a ReadProcessMemory or WriteProcessMemory request was completed. (0x12B)
[0105/130250.001:WARNING:pe_image_reader.cc(340)] could not read dos header from C:\WINDOWS\SYSTEM32\DWrite.dll
[0105/130250.001:ERROR:process_memory_win.cc(73)] ReadMemory at 0x7ffef6bb0000 of 64 bytes failed: Only part of a ReadProcessMemory or WriteProcessMemory request was completed. (0x12B)
[0105/130250.001:WARNING:pe_image_reader.cc(340)] could not read dos header from C:\WINDOWS\SYSTEM32\DWrite.dll
[0105/130250.001:ERROR:process_memory_win.cc(73)] ReadMemory at 0x7ffee67f0000 of 64 bytes failed: Only part of a ReadProcessMemory or WriteProcessMemory request was completed. (0x12B)
[0105/130250.002:WARNING:pe_image_reader.cc(340)] could not read dos header from C:\WINDOWS\SYSTEM32\WINSPOOL.DRV
[0105/130250.002:ERROR:process_memory_win.cc(73)] ReadMemory at 0x7ffee67f0000 of 64 bytes failed: Only part of a ReadProcessMemory or WriteProcessMemory request was completed. (0x12B)
[0105/130250.002:WARNING:pe_image_reader.cc(340)] could not read dos header from C:\WINDOWS\SYSTEM32\WINSPOOL.DRV
[0105/130250.002:ERROR:process_memory_win.cc(73)] ReadMemory at 0x7fff01420000 of 64 bytes failed: Only part of a ReadProcessMemory or WriteProcessMemory request was completed. (0x12B)
[0105/130250.002:WARNING:pe_image_reader.cc(340)] could not read dos header from C:\WINDOWS\System32\kernel.appcore.dll
[0105/130250.002:ERROR:process_memory_win.cc(73)] ReadMemory at 0x7fff01420000 of 64 bytes failed: Only part of a ReadProcessMemory or WriteProcessMemory request was completed. (0x12B)
[0105/130250.002:WARNING:pe_image_reader.cc(340)] could not read dos header from C:\WINDOWS\System32\kernel.appcore.dll
[0105/130250.002:ERROR:process_memory_win.cc(73)] ReadMemory at 0x7fff01b50000 of 64 bytes failed: Only part of a ReadProcessMemory or WriteProcessMemory request was completed. (0x12B)
[0105/130250.003:WARNING:pe_image_reader.cc(340)] could not read dos header from C:\WINDOWS\System32\bcrypt.dll
[0105/130250.003:ERROR:process_memory_win.cc(73)] ReadMemory at 0x7fff01b50000 of 64 bytes failed: Only part of a ReadProcessMemory or WriteProcessMemory request was completed. (0x12B)
[0105/130250.003:WARNING:pe_image_reader.cc(340)] could not read dos header from C:\WINDOWS\System32\bcrypt.dll
[0105/130250.003:ERROR:process_memory_win.cc(73)] ReadMemory at 0x7ffef5680000 of 64 bytes failed: Only part of a ReadProcessMemory or WriteProcessMemory request was completed. (0x12B)
[0105/130250.003:WARNING:pe_image_reader.cc(340)] could not read dos header from C:\WINDOWS\SYSTEM32\dbghelp.dll
[0105/130250.003:ERROR:process_memory_win.cc(73)] ReadMemory at 0x7ffef5680000 of 64 bytes failed: Only part of a ReadProcessMemory or WriteProcessMemory request was completed. (0x12B)
[0105/130250.003:WARNING:pe_image_reader.cc(340)] could not read dos header from C:\WINDOWS\SYSTEM32\dbghelp.dll
[0105/130250.003:ERROR:process_memory_win.cc(73)] ReadMemory at 0x7ffeee770000 of 64 bytes failed: Only part of a ReadProcessMemory or WriteProcessMemory request was completed. (0x12B)
[0105/130250.003:WARNING:pe_image_reader.cc(340)] could not read dos header from C:\WINDOWS\SYSTEM32\Secur32.dll
[0105/130250.004:ERROR:process_memory_win.cc(73)] ReadMemory at 0x7ffeee770000 of 64 bytes failed: Only part of a ReadProcessMemory or WriteProcessMemory request was completed. (0x12B)
[0105/130250.004:WARNING:pe_image_reader.cc(340)] could not read dos header from C:\WINDOWS\SYSTEM32\Secur32.dll
[0105/130250.004:ERROR:process_memory_win.cc(73)] ReadMemory at 0x7ffef44f0000 of 64 bytes failed: Only part of a ReadProcessMemory or WriteProcessMemory request was completed. (0x12B)
[0105/130250.004:WARNING:pe_image_reader.cc(340)] could not read dos header from C:\WINDOWS\SYSTEM32\WINHTTP.dll
[0105/130250.004:ERROR:process_memory_win.cc(73)] ReadMemory at 0x7ffef44f0000 of 64 bytes failed: Only part of a ReadProcessMemory or WriteProcessMemory request was completed. (0x12B)
[0105/130250.004:WARNING:pe_image_reader.cc(340)] could not read dos header from C:\WINDOWS\SYSTEM32\WINHTTP.dll
[0105/130250.004:ERROR:process_memory_win.cc(73)] ReadMemory at 0x7ffef72c0000 of 64 bytes failed: Only part of a ReadProcessMemory or WriteProcessMemory request was completed. (0x12B)
[0105/130250.004:WARNING:pe_image_reader.cc(340)] could not read dos header from C:\WINDOWS\SYSTEM32\dhcpcsvc.DLL
[0105/130250.005:ERROR:process_memory_win.cc(73)] ReadMemory at 0x7ffef72c0000 of 64 bytes failed: Only part of a ReadProcessMemory or WriteProcessMemory request was completed. (0x12B)
[0105/130250.005:WARNING:pe_image_reader.cc(340)] could not read dos header from C:\WINDOWS\SYSTEM32\dhcpcsvc.DLL
[0105/130250.005:ERROR:process_memory_win.cc(73)] ReadMemory at 0x7fff04360000 of 64 bytes failed: Only part of a ReadProcessMemory or WriteProcessMemory request was completed. (0x12B)
[0105/130250.005:WARNING:pe_image_reader.cc(340)] could not read dos header from C:\WINDOWS\System32\NSI.dll
[0105/130250.005:ERROR:process_memory_win.cc(73)] ReadMemory at 0x7fff04360000 of 64 bytes failed: Only part of a ReadProcessMemory or WriteProcessMemory request was completed. (0x12B)
[0105/130250.005:WARNING:pe_image_reader.cc(340)] could not read dos header from C:\WINDOWS\System32\NSI.dll
[0105/130250.005:ERROR:process_memory_win.cc(73)] ReadMemory at 0x7ffeff3d0000 of 64 bytes failed: Only part of a ReadProcessMemory or WriteProcessMemory request was completed. (0x12B)
[0105/130250.005:WARNING:pe_image_reader.cc(340)] could not read dos header from C:\WINDOWS\SYSTEM32\WINMMBASE.dll
[0105/130250.006:ERROR:process_memory_win.cc(73)] ReadMemory at 0x7ffeff3d0000 of 64 bytes failed: Only part of a ReadProcessMemory or WriteProcessMemory request was completed. (0x12B)
[0105/130250.006:WARNING:pe_image_reader.cc(340)] could not read dos header from C:\WINDOWS\SYSTEM32\WINMMBASE.dll
[0105/130250.006:ERROR:process_memory_win.cc(73)] ReadMemory at 0x7fff01d00000 of 64 bytes failed: Only part of a ReadProcessMemory or WriteProcessMemory request was completed. (0x12B)
[0105/130250.006:WARNING:pe_image_reader.cc(340)] could not read dos header from C:\WINDOWS\System32\cfgmgr32.dll
[0105/130250.006:ERROR:process_memory_win.cc(73)] ReadMemory at 0x7fff01d00000 of 64 bytes failed: Only part of a ReadProcessMemory or WriteProcessMemory request was completed. (0x12B)
[0105/130250.006:WARNING:pe_image_reader.cc(340)] could not read dos header from C:\WINDOWS\System32\cfgmgr32.dll
[0105/130250.006:ERROR:process_memory_win.cc(73)] ReadMemory at 0x7ffefead0000 of 64 bytes failed: Only part of a ReadProcessMemory or WriteProcessMemory request was completed. (0x12B)
[0105/130250.006:WARNING:pe_image_reader.cc(340)] could not read dos header from C:\WINDOWS\SYSTEM32\PROPSYS.dll
[0105/130250.007:ERROR:process_memory_win.cc(73)] ReadMemory at 0x7ffefead0000 of 64 bytes failed: Only part of a ReadProcessMemory or WriteProcessMemory request was completed. (0x12B)
[0105/130250.007:WARNING:pe_image_reader.cc(340)] could not read dos header from C:\WINDOWS\SYSTEM32\PROPSYS.dll
[0105/130250.007:ERROR:process_memory_win.cc(73)] ReadMemory at 0x7fff02ee0000 of 64 bytes failed: Only part of a ReadProcessMemory or WriteProcessMemory request was completed. (0x12B)
[0105/130250.007:WARNING:pe_image_reader.cc(340)] could not read dos header from C:\WINDOWS\System32\shcore.dll
[0105/130250.007:ERROR:process_memory_win.cc(73)] ReadMemory at 0x7fff02ee0000 of 64 bytes failed: Only part of a ReadProcessMemory or WriteProcessMemory request was completed. (0x12B)
[0105/130250.007:WARNING:pe_image_reader.cc(340)] could not read dos header from C:\WINDOWS\System32\shcore.dll
[0105/130250.007:ERROR:process_memory_win.cc(73)] ReadMemory at 0x7fff012c0000 of 64 bytes failed: Only part of a ReadProcessMemory or WriteProcessMemory request was completed. (0x12B)
[0105/130250.007:WARNING:pe_image_reader.cc(340)] could not read dos header from C:\WINDOWS\SYSTEM32\SSPICLI.DLL
[0105/130250.008:ERROR:process_memory_win.cc(73)] ReadMemory at 0x7fff012c0000 of 64 bytes failed: Only part of a ReadProcessMemory or WriteProcessMemory request was completed. (0x12B)
[0105/130250.008:WARNING:pe_image_reader.cc(340)] could not read dos header from C:\WINDOWS\SYSTEM32\SSPICLI.DLL
[0105/130250.008:ERROR:process_memory_win.cc(73)] ReadMemory at 0x7fff00db0000 of 64 bytes failed: Only part of a ReadProcessMemory or WriteProcessMemory request was completed. (0x12B)
[0105/130250.008:WARNING:pe_image_reader.cc(340)] could not read dos header from C:\WINDOWS\SYSTEM32\CRYPTBASE.DLL
[0105/130250.008:ERROR:process_memory_win.cc(73)] ReadMemory at 0x7fff00db0000 of 64 bytes failed: Only part of a ReadProcessMemory or WriteProcessMemory request was completed. (0x12B)
[0105/130250.008:WARNING:pe_image_reader.cc(340)] could not read dos header from C:\WINDOWS\SYSTEM32\CRYPTBASE.DLL
[0105/130302.672:ERROR:process_memory_win.cc(73)] ReadMemory at 0x7ff60b560000 of 64 bytes failed: Only part of a ReadProcessMemory or WriteProcessMemory request was completed. (0x12B)
[0105/130302.672:WARNING:pe_image_reader.cc(340)] could not read dos header from C:\Program Files (x86)\Google\Chrome\Application\chrome.exe
[0105/130302.672:ERROR:process_memory_win.cc(73)] ReadMemory at 0x7fff04500000 of 64 bytes failed: Only part of a ReadProcessMemory or WriteProcessMemory request was completed. (0x12B)
[0105/130302.672:WARNING:pe_image_reader.cc(340)] could not read dos header from C:\WINDOWS\SYSTEM32\ntdll.dll
[0105/130302.672:ERROR:process_memory_win.cc(73)] ReadMemory at 0x7fff03030000 of 64 bytes failed: Only part of a ReadProcessMemory or WriteProcessMemory request was completed. (0x12B)
[0105/130302.672:WARNING:pe_image_reader.cc(340)] could not read dos header from C:\WINDOWS\System32\KERNEL32.DLL
[0105/130302.672:ERROR:process_memory_win.cc(73)] ReadMemory at 0x7fff017a0000 of 64 bytes failed: Only part of a ReadProcessMemory or WriteProcessMemory request was completed. (0x12B)
[0105/130302.672:WARNING:pe_image_reader.cc(340)] could not read dos header from C:\WINDOWS\System32\KERNELBASE.dll
[0105/130302.672:ERROR:process_memory_win.cc(73)] ReadMemory at 0x7ffeb7240000 of 64 bytes failed: Only part of a ReadProcessMemory or WriteProcessMemory request was completed. (0x12B)
[0105/130302.672:WARNING:pe_image_reader.cc(340)] could not read dos header from C:\Program Files (x86)\Google\Chrome\Application\79.0.3945.88\chrome_elf.dll
[0105/130302.672:ERROR:process_memory_win.cc(73)] ReadMemory at 0x7ffef9fd0000 of 64 bytes failed: Only part of a ReadProcessMemory or WriteProcessMemory request was completed. (0x12B)
[0105/130302.672:WARNING:pe_image_reader.cc(340)] could not read dos header from C:\WINDOWS\SYSTEM32\VERSION.dll
[0105/130302.672:ERROR:process_memory_win.cc(73)] ReadMemory at 0x7fff04370000 of 64 bytes failed: Only part of a ReadProcessMemory or WriteProcessMemory request was completed. (0x12B)
[0105/130302.672:WARNING:pe_image_reader.cc(340)] could not read dos header from C:\WINDOWS\System32\msvcrt.dll
[0105/130302.672:ERROR:process_memory_win.cc(73)] ReadMemory at 0x7fff01b80000 of 64 bytes failed: Only part of a ReadProcessMemory or WriteProcessMemory request was completed. (0x12B)
[0105/130302.672:WARNING:pe_image_reader.cc(340)] could not read dos header from C:\WINDOWS\System32\bcryptPrimitives.dll
[0105/130302.672:ERROR:process_memory_win.cc(73)] ReadMemory at 0x7fff034c0000 of 64 bytes failed: Only part of a ReadProcessMemory or WriteProcessMemory request was completed. (0x12B)
[0105/130302.672:WARNING:pe_image_reader.cc(340)] could not read dos header from C:\WINDOWS\System32\ADVAPI32.dll
[0105/130302.672:ERROR:process_memory_win.cc(73)] ReadMemory at 0x7fff02f90000 of 64 bytes failed: Only part of a ReadProcessMemory or WriteProcessMemory request was completed. (0x12B)
[0105/130302.672:WARNING:pe_image_reader.cc(340)] could not read dos header from C:\WINDOWS\System32\sechost.dll
[0105/130302.672:ERROR:process_memory_win.cc(73)] ReadMemory at 0x7fff02ad0000 of 64 bytes failed: Only part of a ReadProcessMemory or WriteProcessMemory request was completed. (0x12B)
[0105/130302.672:WARNING:pe_image_reader.cc(340)] could not read dos header from C:\WINDOWS\System32\RPCRT4.dll
[0105/130302.672:ERROR:process_memory_win.cc(73)] ReadMemory at 0x7ffea7890000 of 64 bytes failed: Only part of a ReadProcessMemory or WriteProcessMemory request was completed. (0x12B)
[0105/130302.672:WARNING:pe_image_reader.cc(340)] could not read dos header from C:\Program Files (x86)\Google\Chrome\Application\79.0.3945.88\chrome_child.dll
[0105/130302.672:ERROR:process_memory_win.cc(73)] ReadMemory at 0x7fff033f0000 of 64 bytes failed: Only part of a ReadProcessMemory or WriteProcessMemory request was completed. (0x12B)
[0105/130302.672:WARNING:pe_image_reader.cc(340)] could not read dos header from C:\WINDOWS\System32\OLEAUT32.dll
[0105/130302.672:ERROR:process_memory_win.cc(73)] ReadMemory at 0x7fff01a50000 of 64 bytes failed: Only part of a ReadProcessMemory or WriteProcessMemory request was completed. (0x12B)
[0105/130302.672:WARNING:pe_image_reader.cc(340)] could not read dos header from C:\WINDOWS\System32\msvcp_win.dll
[0105/130302.672:ERROR:process_memory_win.cc(73)] ReadMemory at 0x7fff01c00000 of 64 bytes failed: Only part of a ReadProcessMemory or WriteProcessMemory request was completed. (0x12B)
[0105/130302.672:WARNING:pe_image_reader.cc(340)] could not read dos header from C:\WINDOWS\System32\ucrtbase.dll
[0105/130302.672:ERROR:process_memory_win.cc(73)] ReadMemory at 0x7fff03570000 of 64 bytes failed: Only part of a ReadProcessMemory or WriteProcessMemory request was completed. (0x12B)
[0105/130302.687:WARNING:pe_image_reader.cc(340)] could not read dos header from C:\WINDOWS\System32\combase.dll
[0105/130302.687:ERROR:process_memory_win.cc(73)] ReadMemory at 0x7fff02cc0000 of 64 bytes failed: Only part of a ReadProcessMemory or WriteProcessMemory request was completed. (0x12B)
[0105/130302.687:WARNING:pe_image_reader.cc(340)] could not read dos header from C:\WINDOWS\System32\WS2_32.dll
[0105/130302.687:ERROR:process_memory_win.cc(73)] ReadMemory at 0x7fff01af0000 of 64 bytes failed: Only part of a ReadProcessMemory or WriteProcessMemory request was completed. (0x12B)
[0105/130302.687:WARNING:pe_image_reader.cc(340)] could not read dos header from C:\WINDOWS\System32\WINTRUST.dll
[0105/130302.687:ERROR:process_memory_win.cc(73)] ReadMemory at 0x7fff01400000 of 64 bytes failed: Only part of a ReadProcessMemory or WriteProcessMemory request was completed. (0x12B)
[0105/130302.687:WARNING:pe_image_reader.cc(340)] could not read dos header from C:\WINDOWS\System32\MSASN1.dll
[0105/130302.687:ERROR:process_memory_win.cc(73)] ReadMemory at 0x7fff01630000 of 64 bytes failed: Only part of a ReadProcessMemory or WriteProcessMemory request was completed. (0x12B)
[0105/130302.687:WARNING:pe_image_reader.cc(340)] could not read dos header from C:\WINDOWS\System32\CRYPT32.dll
[0105/130302.687:ERROR:process_memory_win.cc(73)] ReadMemory at 0x7fff008f0000 of 64 bytes failed: Only part of a ReadProcessMemory or WriteProcessMemory request was completed. (0x12B)
[0105/130302.687:WARNING:pe_image_reader.cc(340)] could not read dos header from C:\WINDOWS\SYSTEM32\IPHLPAPI.DLL
[0105/130302.687:ERROR:process_memory_win.cc(73)] ReadMemory at 0x7ffeff400000 of 64 bytes failed: Only part of a ReadProcessMemory or WriteProcessMemory request was completed. (0x12B)
[0105/130302.687:WARNING:pe_image_reader.cc(340)] could not read dos header from C:\WINDOWS\SYSTEM32\WINMM.dll
[0105/130302.687:ERROR:process_memory_win.cc(73)] ReadMemory at 0x7fff012f0000 of 64 bytes failed: Only part of a ReadProcessMemory or WriteProcessMemory request was completed. (0x12B)
[0105/130302.687:WARNING:pe_image_reader.cc(340)] could not read dos header from C:\WINDOWS\SYSTEM32\USERENV.dll
[0105/130302.687:ERROR:process_memory_win.cc(73)] ReadMemory at 0x7fff013e0000 of 64 bytes failed: Only part of a ReadProcessMemory or WriteProcessMemory request was completed. (0x12B)
[0105/130302.687:WARNING:pe_image_reader.cc(340)] could not read dos header from C:\WINDOWS\System32\profapi.dll
[0105/130302.687:ERROR:process_memory_win.cc(73)] ReadMemory at 0x7ffef6bb0000 of 64 bytes failed: Only part of a ReadProcessMemory or WriteProcessMemory request was completed. (0x12B)
[0105/130302.687:WARNING:pe_image_reader.cc(340)] could not read dos header from C:\WINDOWS\SYSTEM32\DWrite.dll
[0105/130302.687:ERROR:process_memory_win.cc(73)] ReadMemory at 0x7ffee67f0000 of 64 bytes failed: Only part of a ReadProcessMemory or WriteProcessMemory request was completed. (0x12B)
[0105/130302.687:WARNING:pe_image_reader.cc(340)] could not read dos header from C:\WINDOWS\SYSTEM32\WINSPOOL.DRV
[0105/130302.687:ERROR:process_memory_win.cc(73)] ReadMemory at 0x7fff01420000 of 64 bytes failed: Only part of a ReadProcessMemory or WriteProcessMemory request was completed. (0x12B)
[0105/130302.687:WARNING:pe_image_reader.cc(340)] could not read dos header from C:\WINDOWS\System32\kernel.appcore.dll
[0105/130302.687:ERROR:process_memory_win.cc(73)] ReadMemory at 0x7fff01b50000 of 64 bytes failed: Only part of a ReadProcessMemory or WriteProcessMemory request was completed. (0x12B)
[0105/130302.687:WARNING:pe_image_reader.cc(340)] could not read dos header from C:\WINDOWS\System32\bcrypt.dll
[0105/130302.687:ERROR:process_memory_win.cc(73)] ReadMemory at 0x7ffef5680000 of 64 bytes failed: Only part of a ReadProcessMemory or WriteProcessMemory request was completed. (0x12B)
[0105/130302.687:WARNING:pe_image_reader.cc(340)] could not read dos header from C:\WINDOWS\SYSTEM32\dbghelp.dll
[0105/130302.687:ERROR:process_memory_win.cc(73)] ReadMemory at 0x7ffeee770000 of 64 bytes failed: Only part of a ReadProcessMemory or WriteProcessMemory request was completed. (0x12B)
[0105/130302.687:WARNING:pe_image_reader.cc(340)] could not read dos header from C:\WINDOWS\SYSTEM32\Secur32.dll
[0105/130302.687:ERROR:process_memory_win.cc(73)] ReadMemory at 0x7ffef44f0000 of 64 bytes failed: Only part of a ReadProcessMemory or WriteProcessMemory request was completed. (0x12B)
[0105/130302.687:WARNING:pe_image_reader.cc(340)] could not read dos header from C:\WINDOWS\SYSTEM32\WINHTTP.dll
[0105/130302.687:ERROR:process_memory_win.cc(73)] ReadMemory at 0x7ffef72c0000 of 64 bytes failed: Only part of a ReadProcessMemory or WriteProcessMemory request was completed. (0x12B)
[0105/130302.687:WARNING:pe_image_reader.cc(340)] could not read dos header from C:\WINDOWS\SYSTEM32\dhcpcsvc.DLL
[0105/130302.687:ERROR:process_memory_win.cc(73)] ReadMemory at 0x7fff04360000 of 64 bytes failed: Only part of a ReadProcessMemory or WriteProcessMemory request was completed. (0x12B)
[0105/130302.687:WARNING:pe_image_reader.cc(340)] could not read dos header from C:\WINDOWS\System32\NSI.dll
[0105/130302.687:ERROR:process_memory_win.cc(73)] ReadMemory at 0x7ffeff3d0000 of 64 bytes failed: Only part of a ReadProcessMemory or WriteProcessMemory request was completed. (0x12B)
[0105/130302.687:WARNING:pe_image_reader.cc(340)] could not read dos header from C:\WINDOWS\SYSTEM32\WINMMBASE.dll
[0105/130302.687:ERROR:process_memory_win.cc(73)] ReadMemory at 0x7fff01d00000 of 64 bytes failed: Only part of a ReadProcessMemory or WriteProcessMemory request was completed. (0x12B)
[0105/130302.687:WARNING:pe_image_reader.cc(340)] could not read dos header from C:\WINDOWS\System32\cfgmgr32.dll
[0105/130302.687:ERROR:process_memory_win.cc(73)] ReadMemory at 0x7ffefead0000 of 64 bytes failed: Only part of a ReadProcessMemory or WriteProcessMemory request was completed. (0x12B)
[0105/130302.687:WARNING:pe_image_reader.cc(340)] could not read dos header from C:\WINDOWS\SYSTEM32\PROPSYS.dll
[0105/130302.687:ERROR:process_memory_win.cc(73)] ReadMemory at 0x7fff02ee0000 of 64 bytes failed: Only part of a ReadProcessMemory or WriteProcessMemory request was completed. (0x12B)
[0105/130302.687:WARNING:pe_image_reader.cc(340)] could not read dos header from C:\WINDOWS\System32\shcore.dll
[0105/130302.687:ERROR:process_memory_win.cc(73)] ReadMemory at 0x7fff012c0000 of 64 bytes failed: Only part of a ReadProcessMemory or WriteProcessMemory request was completed. (0x12B)
[0105/130302.687:WARNING:pe_image_reader.cc(340)] could not read dos header from C:\WINDOWS\SYSTEM32\SSPICLI.DLL
[0105/130302.687:ERROR:process_memory_win.cc(73)] ReadMemory at 0x7fff00db0000 of 64 bytes failed: Only part of a ReadProcessMemory or WriteProcessMemory request was completed. (0x12B)
[0105/130302.687:WARNING:pe_image_reader.cc(340)] could not read dos header from C:\WINDOWS\SYSTEM32\CRYPTBASE.DLL
[0105/130302.687:ERROR:process_memory_win.cc(73)] ReadMemory at 0x7ff60b560000 of 64 bytes failed: Only part of a ReadProcessMemory or WriteProcessMemory request was completed. (0x12B)
[0105/130302.687:WARNING:pe_image_reader.cc(340)] could not read dos header from C:\Program Files (x86)\Google\Chrome\Application\chrome.exe
[0105/130302.687:ERROR:process_memory_win.cc(73)] ReadMemory at 0x7fff04500000 of 64 bytes failed: Only part of a ReadProcessMemory or WriteProcessMemory request was completed. (0x12B)
[0105/130302.687:WARNING:pe_image_reader.cc(340)] could not read dos header from C:\WINDOWS\SYSTEM32\ntdll.dll
[0105/130302.687:ERROR:process_memory_win.cc(73)] ReadMemory at 0x7fff03030000 of 64 bytes failed: Only part of a ReadProcessMemory or WriteProcessMemory request was completed. (0x12B)
[0105/130302.687:WARNING:pe_image_reader.cc(340)] could not read dos header from C:\WINDOWS\System32\KERNEL32.DLL
[0105/130302.687:ERROR:process_memory_win.cc(73)] ReadMemory at 0x7fff017a0000 of 64 bytes failed: Only part of a ReadProcessMemory or WriteProcessMemory request was completed. (0x12B)
[0105/130302.687:WARNING:pe_image_reader.cc(340)] could not read dos header from C:\WINDOWS\System32\KERNELBASE.dll
[0105/130302.687:ERROR:process_memory_win.cc(73)] ReadMemory at 0x7ffeb7240000 of 64 bytes failed: Only part of a ReadProcessMemory or WriteProcessMemory request was completed. (0x12B)
[0105/130302.687:WARNING:pe_image_reader.cc(340)] could not read dos header from C:\Program Files (x86)\Google\Chrome\Application\79.0.3945.88\chrome_elf.dll
[0105/130302.687:ERROR:process_memory_win.cc(73)] ReadMemory at 0x7ffef9fd0000 of 64 bytes failed: Only part of a ReadProcessMemory or WriteProcessMemory request was completed. (0x12B)
[0105/130302.687:WARNING:pe_image_reader.cc(340)] could not read dos header from C:\WINDOWS\SYSTEM32\VERSION.dll
[0105/130302.687:ERROR:process_memory_win.cc(73)] ReadMemory at 0x7fff04370000 of 64 bytes failed: Only part of a ReadProcessMemory or WriteProcessMemory request was completed. (0x12B)
[0105/130302.687:WARNING:pe_image_reader.cc(340)] could not read dos header from C:\WINDOWS\System32\msvcrt.dll
[0105/130302.687:ERROR:process_memory_win.cc(73)] ReadMemory at 0x7fff01b80000 of 64 bytes failed: Only part of a ReadProcessMemory or WriteProcessMemory request was completed. (0x12B)
[0105/130302.687:WARNING:pe_image_reader.cc(340)] could not read dos header from C:\WINDOWS\System32\bcryptPrimitives.dll
[0105/130302.687:ERROR:process_memory_win.cc(73)] ReadMemory at 0x7fff034c0000 of 64 bytes failed: Only part of a ReadProcessMemory or WriteProcessMemory request was completed. (0x12B)
[0105/130302.687:WARNING:pe_image_reader.cc(340)] could not read dos header from C:\WINDOWS\System32\ADVAPI32.dll
[0105/130302.687:ERROR:process_memory_win.cc(73)] ReadMemory at 0x7fff02f90000 of 64 bytes failed: Only part of a ReadProcessMemory or WriteProcessMemory request was completed. (0x12B)
[0105/130302.687:WARNING:pe_image_reader.cc(340)] could not read dos header from C:\WINDOWS\System32\sechost.dll
[0105/130302.687:ERROR:process_memory_win.cc(73)] ReadMemory at 0x7fff02ad0000 of 64 bytes failed: Only part of a ReadProcessMemory or WriteProcessMemory request was completed. (0x12B)
[0105/130302.687:WARNING:pe_image_reader.cc(340)] could not read dos header from C:\WINDOWS\System32\RPCRT4.dll
[0105/130302.687:ERROR:process_memory_win.cc(73)] ReadMemory at 0x7ffea7890000 of 64 bytes failed: Only part of a ReadProcessMemory or WriteProcessMemory request was completed. (0x12B)
[0105/130302.687:WARNING:pe_image_reader.cc(340)] could not read dos header from C:\Program Files (x86)\Google\Chrome\Application\79.0.3945.88\chrome_child.dll
[0105/130302.687:ERROR:process_memory_win.cc(73)] ReadMemory at 0x7fff033f0000 of 64 bytes failed: Only part of a ReadProcessMemory or WriteProcessMemory request was completed. (0x12B)
[0105/130302.687:WARNING:pe_image_reader.cc(340)] could not read dos header from C:\WINDOWS\System32\OLEAUT32.dll
[0105/130302.687:ERROR:process_memory_win.cc(73)] ReadMemory at 0x7fff01a50000 of 64 bytes failed: Only part of a ReadProcessMemory or WriteProcessMemory request was completed. (0x12B)
[0105/130302.687:WARNING:pe_image_reader.cc(340)] could not read dos header from C:\WINDOWS\System32\msvcp_win.dll
[0105/130302.687:ERROR:process_memory_win.cc(73)] ReadMemory at 0x7fff01c00000 of 64 bytes failed: Only part of a ReadProcessMemory or WriteProcessMemory request was completed. (0x12B)
[0105/130302.687:WARNING:pe_image_reader.cc(340)] could not read dos header from C:\WINDOWS\System32\ucrtbase.dll
[0105/130302.687:ERROR:process_memory_win.cc(73)] ReadMemory at 0x7fff03570000 of 64 bytes failed: Only part of a ReadProcessMemory or WriteProcessMemory request was completed. (0x12B)
[0105/130302.687:WARNING:pe_image_reader.cc(340)] could not read dos header from C:\WINDOWS\System32\combase.dll
[0105/130302.687:ERROR:process_memory_win.cc(73)] ReadMemory at 0x7fff02cc0000 of 64 bytes failed: Only part of a ReadProcessMemory or WriteProcessMemory request was completed. (0x12B)
[0105/130302.687:WARNING:pe_image_reader.cc(340)] could not read dos header from C:\WINDOWS\System32\WS2_32.dll
[0105/130302.687:ERROR:process_memory_win.cc(73)] ReadMemory at 0x7fff01af0000 of 64 bytes failed: Only part of a ReadProcessMemory or WriteProcessMemory request was completed. (0x12B)
[0105/130302.687:WARNING:pe_image_reader.cc(340)] could not read dos header from C:\WINDOWS\System32\WINTRUST.dll
[0105/130302.687:ERROR:process_memory_win.cc(73)] ReadMemory at 0x7fff01400000 of 64 bytes failed: Only part of a ReadProcessMemory or WriteProcessMemory request was completed. (0x12B)
[0105/130302.687:WARNING:pe_image_reader.cc(340)] could not read dos header from C:\WINDOWS\System32\MSASN1.dll
[0105/130302.687:ERROR:process_memory_win.cc(73)] ReadMemory at 0x7fff01630000 of 64 bytes failed: Only part of a ReadProcessMemory or WriteProcessMemory request was completed. (0x12B)
[0105/130302.687:WARNING:pe_image_reader.cc(340)] could not read dos header from C:\WINDOWS\System32\CRYPT32.dll
[0105/130302.687:ERROR:process_memory_win.cc(73)] ReadMemory at 0x7fff008f0000 of 64 bytes failed: Only part of a ReadProcessMemory or WriteProcessMemory request was completed. (0x12B)
[0105/130302.687:WARNING:pe_image_reader.cc(340)] could not read dos header from C:\WINDOWS\SYSTEM32\IPHLPAPI.DLL
[0105/130302.687:ERROR:process_memory_win.cc(73)] ReadMemory at 0x7ffeff400000 of 64 bytes failed: Only part of a ReadProcessMemory or WriteProcessMemory request was completed. (0x12B)
[0105/130302.687:WARNING:pe_image_reader.cc(340)] could not read dos header from C:\WINDOWS\SYSTEM32\WINMM.dll
[0105/130302.687:ERROR:process_memory_win.cc(73)] ReadMemory at 0x7fff012f0000 of 64 bytes failed: Only part of a ReadProcessMemory or WriteProcessMemory request was completed. (0x12B)
[0105/130302.687:WARNING:pe_image_reader.cc(340)] could not read dos header from C:\WINDOWS\SYSTEM32\USERENV.dll
[0105/130302.687:ERROR:process_memory_win.cc(73)] ReadMemory at 0x7fff013e0000 of 64 bytes failed: Only part of a ReadProcessMemory or WriteProcessMemory request was completed. (0x12B)
[0105/130302.687:WARNING:pe_image_reader.cc(340)] could not read dos header from C:\WINDOWS\System32\profapi.dll
[0105/130302.687:ERROR:process_memory_win.cc(73)] ReadMemory at 0x7ffef6bb0000 of 64 bytes failed: Only part of a ReadProcessMemory or WriteProcessMemory request was completed. (0x12B)
[0105/130302.687:WARNING:pe_image_reader.cc(340)] could not read dos header from C:\WINDOWS\SYSTEM32\DWrite.dll
[0105/130302.687:ERROR:process_memory_win.cc(73)] ReadMemory at 0x7ffee67f0000 of 64 bytes failed: Only part of a ReadProcessMemory or WriteProcessMemory request was completed. (0x12B)
[0105/130302.687:WARNING:pe_image_reader.cc(340)] could not read dos header from C:\WINDOWS\SYSTEM32\WINSPOOL.DRV
[0105/130302.687:ERROR:process_memory_win.cc(73)] ReadMemory at 0x7fff01420000 of 64 bytes failed: Only part of a ReadProcessMemory or WriteProcessMemory request was completed. (0x12B)
[0105/130302.687:WARNING:pe_image_reader.cc(340)] could not read dos header from C:\WINDOWS\System32\kernel.appcore.dll
[0105/130302.687:ERROR:process_memory_win.cc(73)] ReadMemory at 0x7fff01b50000 of 64 bytes failed: Only part of a ReadProcessMemory or WriteProcessMemory request was completed. (0x12B)
[0105/130302.687:WARNING:pe_image_reader.cc(340)] could not read dos header from C:\WINDOWS\System32\bcrypt.dll
[0105/130302.687:ERROR:process_memory_win.cc(73)] ReadMemory at 0x7ffef5680000 of 64 bytes failed: Only part of a ReadProcessMemory or WriteProcessMemory request was completed. (0x12B)
[0105/130302.687:WARNING:pe_image_reader.cc(340)] could not read dos header from C:\WINDOWS\SYSTEM32\dbghelp.dll
[0105/130302.687:ERROR:process_memory_win.cc(73)] ReadMemory at 0x7ffeee770000 of 64 bytes failed: Only part of a ReadProcessMemory or WriteProcessMemory request was completed. (0x12B)
[0105/130302.687:WARNING:pe_image_reader.cc(340)] could not read dos header from C:\WINDOWS\SYSTEM32\Secur32.dll
[0105/130302.687:ERROR:process_memory_win.cc(73)] ReadMemory at 0x7ffef44f0000 of 64 bytes failed: Only part of a ReadProcessMemory or WriteProcessMemory request was completed. (0x12B)
[0105/130302.687:WARNING:pe_image_reader.cc(340)] could not read dos header from C:\WINDOWS\SYSTEM32\WINHTTP.dll
[0105/130302.687:ERROR:process_memory_win.cc(73)] ReadMemory at 0x7ffef72c0000 of 64 bytes failed: Only part of a ReadProcessMemory or WriteProcessMemory request was completed. (0x12B)
[0105/130302.687:WARNING:pe_image_reader.cc(340)] could not read dos header from C:\WINDOWS\SYSTEM32\dhcpcsvc.DLL
[0105/130302.687:ERROR:process_memory_win.cc(73)] ReadMemory at 0x7fff04360000 of 64 bytes failed: Only part of a ReadProcessMemory or WriteProcessMemory request was completed. (0x12B)
[0105/130302.687:WARNING:pe_image_reader.cc(340)] could not read dos header from C:\WINDOWS\System32\NSI.dll
[0105/130302.687:ERROR:process_memory_win.cc(73)] ReadMemory at 0x7ffeff3d0000 of 64 bytes failed: Only part of a ReadProcessMemory or WriteProcessMemory request was completed. (0x12B)
[0105/130302.687:WARNING:pe_image_reader.cc(340)] could not read dos header from C:\WINDOWS\SYSTEM32\WINMMBASE.dll
[0105/130302.687:ERROR:process_memory_win.cc(73)] ReadMemory at 0x7fff01d00000 of 64 bytes failed: Only part of a ReadProcessMemory or WriteProcessMemory request was completed. (0x12B)
[0105/130302.687:WARNING:pe_image_reader.cc(340)] could not read dos header from C:\WINDOWS\System32\cfgmgr32.dll
[0105/130302.687:ERROR:process_memory_win.cc(73)] ReadMemory at 0x7ffefead0000 of 64 bytes failed: Only part of a ReadProcessMemory or WriteProcessMemory request was completed. (0x12B)
[0105/130302.687:WARNING:pe_image_reader.cc(340)] could not read dos header from C:\WINDOWS\SYSTEM32\PROPSYS.dll
[0105/130302.687:ERROR:process_memory_win.cc(73)] ReadMemory at 0x7fff02ee0000 of 64 bytes failed: Only part of a ReadProcessMemory or WriteProcessMemory request was completed. (0x12B)
[0105/130302.687:WARNING:pe_image_reader.cc(340)] could not read dos header from C:\WINDOWS\System32\shcore.dll
[0105/130302.687:ERROR:process_memory_win.cc(73)] ReadMemory at 0x7fff012c0000 of 64 bytes failed: Only part of a ReadProcessMemory or WriteProcessMemory request was completed. (0x12B)
[0105/130302.687:WARNING:pe_image_reader.cc(340)] could not read dos header from C:\WINDOWS\SYSTEM32\SSPICLI.DLL
[0105/130302.687:ERROR:process_memory_win.cc(73)] ReadMemory at 0x7fff00db0000 of 64 bytes failed: Only part of a ReadProcessMemory or WriteProcessMemory request was completed. (0x12B)
[0105/130302.703:WARNING:pe_image_reader.cc(340)] could not read dos header from C:\WINDOWS\SYSTEM32\CRYPTBASE.DLL
[0105/130303.127:ERROR:process_memory_win.cc(73)] ReadMemory at 0x75397f0000 of 65536 bytes failed: Only part of a ReadProcessMemory or WriteProcessMemory request was completed. (0x12B)
[0105/130303.268:ERROR:process_memory_win.cc(73)] ReadMemory at 0x7539ffd000 of 12288 bytes failed: Only part of a ReadProcessMemory or WriteProcessMemory request was completed. (0x12B)
[0105/130303.268:ERROR:process_memory_win.cc(73)] ReadMemory at 0x753affc000 of 16384 bytes failed: Only part of a ReadProcessMemory or WriteProcessMemory request was completed. (0x12B)
[0105/130303.268:ERROR:process_memory_win.cc(73)] ReadMemory at 0x753b7fc000 of 16384 bytes failed: Only part of a ReadProcessMemory or WriteProcessMemory request was completed. (0x12B)
[0105/130303.268:ERROR:process_memory_win.cc(73)] ReadMemory at 0x753bfff000 of 4096 bytes failed: Only part of a ReadProcessMemory or WriteProcessMemory request was completed. (0x12B)
[0105/130303.268:ERROR:process_memory_win.cc(73)] ReadMemory at 0x753c7fd000 of 12288 bytes failed: Only part of a ReadProcessMemory or WriteProcessMemory request was completed. (0x12B)
[0105/130303.268:ERROR:process_memory_win.cc(73)] ReadMemory at 0x753cffb000 of 20480 bytes failed: Only part of a ReadProcessMemory or WriteProcessMemory request was completed. (0x12B)
[0105/130303.268:ERROR:process_memory_win.cc(73)] ReadMemory at 0x753d7fd000 of 12288 bytes failed: Only part of a ReadProcessMemory or WriteProcessMemory request was completed. (0x12B)
[0105/130303.268:ERROR:process_memory_win.cc(73)] ReadMemory at 0x753e7fd000 of 12288 bytes failed: Only part of a ReadProcessMemory or WriteProcessMemory request was completed. (0x12B)
[0105/130303.268:ERROR:process_memory_win.cc(73)] ReadMemory at 0x753effd000 of 12288 bytes failed: Only part of a ReadProcessMemory or WriteProcessMemory request was completed. (0x12B)
[0105/130303.268:ERROR:process_memory_win.cc(73)] ReadMemory at 0x753a7fd000 of 12288 bytes failed: Only part of a ReadProcessMemory or WriteProcessMemory request was completed. (0x12B)
[0105/130303.268:ERROR:process_memory_win.cc(73)] ReadMemory at 0x753fffc000 of 16384 bytes failed: Only part of a ReadProcessMemory or WriteProcessMemory request was completed. (0x12B)
[0105/130303.268:ERROR:process_memory_win.cc(73)] ReadMemory at 0x753dffd000 of 12288 bytes failed: Only part of a ReadProcessMemory or WriteProcessMemory request was completed. (0x12B)
[0105/130303.268:ERROR:process_memory_win.cc(73)] ReadMemory at 0x753f7fd000 of 12288 bytes failed: Only part of a ReadProcessMemory or WriteProcessMemory request was completed. (0x12B)
[0105/130303.268:ERROR:process_memory_win.cc(73)] ReadMemory at 0x75407fe000 of 8192 bytes failed: Only part of a ReadProcessMemory or WriteProcessMemory request was completed. (0x12B)
[0105/130303.737:ERROR:process_memory_win.cc(73)] ReadMemory at 0x7538ed9000 of 852 bytes failed: Only part of a ReadProcessMemory or WriteProcessMemory request was completed. (0x12B)
[0105/130303.737:ERROR:process_memory_win.cc(73)] ReadMemory at 0x7538eda000 of 6024 bytes failed: Only part of a ReadProcessMemory or WriteProcessMemory request was completed. (0x12B)
[0105/130303.737:ERROR:process_memory_win.cc(73)] ReadMemory at 0x7538edc000 of 6024 bytes failed: Only part of a ReadProcessMemory or WriteProcessMemory request was completed. (0x12B)
[0105/130303.737:ERROR:process_memory_win.cc(73)] ReadMemory at 0x7538ee0000 of 6024 bytes failed: Only part of a ReadProcessMemory or WriteProcessMemory request was completed. (0x12B)
[0105/130303.737:ERROR:process_memory_win.cc(73)] ReadMemory at 0x7538ee2000 of 6024 bytes failed: Only part of a ReadProcessMemory or WriteProcessMemory request was completed. (0x12B)
[0105/130303.737:ERROR:process_memory_win.cc(73)] ReadMemory at 0x7538ee4000 of 6024 bytes failed: Only part of a ReadProcessMemory or WriteProcessMemory request was completed. (0x12B)
[0105/130303.737:ERROR:process_memory_win.cc(73)] ReadMemory at 0x7538ee6000 of 6024 bytes failed: Only part of a ReadProcessMemory or WriteProcessMemory request was completed. (0x12B)
[0105/130303.737:ERROR:process_memory_win.cc(73)] ReadMemory at 0x7538ee8000 of 6024 bytes failed: Only part of a ReadProcessMemory or WriteProcessMemory request was completed. (0x12B)
[0105/130303.737:ERROR:process_memory_win.cc(73)] ReadMemory at 0x7538eea000 of 6024 bytes failed: Only part of a ReadProcessMemory or WriteProcessMemory request was completed. (0x12B)
[0105/130303.737:ERROR:process_memory_win.cc(73)] ReadMemory at 0x7538eee000 of 6024 bytes failed: Only part of a ReadProcessMemory or WriteProcessMemory request was completed. (0x12B)
[0105/130303.737:ERROR:process_memory_win.cc(73)] ReadMemory at 0x7538ef0000 of 6024 bytes failed: Only part of a ReadProcessMemory or WriteProcessMemory request was completed. (0x12B)
[0105/130303.737:ERROR:process_memory_win.cc(73)] ReadMemory at 0x7538efa000 of 6024 bytes failed: Only part of a ReadProcessMemory or WriteProcessMemory request was completed. (0x12B)
[0105/130303.737:ERROR:process_memory_win.cc(73)] ReadMemory at 0x7538efe000 of 6024 bytes failed: Only part of a ReadProcessMemory or WriteProcessMemory request was completed. (0x12B)
[0105/130303.737:ERROR:process_memory_win.cc(73)] ReadMemory at 0x7538f00000 of 6024 bytes failed: Only part of a ReadProcessMemory or WriteProcessMemory request was completed. (0x12B)
[0105/130303.737:ERROR:process_memory_win.cc(73)] ReadMemory at 0x7538f02000 of 6024 bytes failed: Only part of a ReadProcessMemory or WriteProcessMemory request was completed. (0x12B)
[0105/130303.737:ERROR:process_memory_win.cc(73)] ReadMemory at 0x7538f04000 of 6024 bytes failed: Only part of a ReadProcessMemory or WriteProcessMemory request was completed. (0x12B)
[0105/130303.737:ERROR:process_memory_win.cc(73)] ReadMemory at 0x23e01e91003 of 512 bytes failed: Only part of a ReadProcessMemory or WriteProcessMemory request was completed. (0x12B)
[0105/130303.737:ERROR:process_memory_win.cc(73)] ReadMemory at 0x23e01f00fe0 of 14924 bytes failed: Only part of a ReadProcessMemory or WriteProcessMemory request was completed. (0x12B)
[0105/130303.737:ERROR:process_memory_win.cc(73)] ReadMemory at 0x23e01f04a40 of 1012 bytes failed: Only part of a ReadProcessMemory or WriteProcessMemory request was completed. (0x12B)
[0105/130303.737:ERROR:process_memory_win.cc(73)] ReadMemory at 0x23e01f05088 of 118 bytes failed: Only part of a ReadProcessMemory or WriteProcessMemory request was completed. (0x12B)
[0105/130303.737:ERROR:process_memory_win.cc(73)] ReadMemory at 0x23e01f05100 of 820 bytes failed: Only part of a ReadProcessMemory or WriteProcessMemory request was completed. (0x12B)
[0105/130303.737:ERROR:process_memory_win.cc(73)] ReadMemory at 0x23e01f05436 of 118 bytes failed: Only part of a ReadProcessMemory or WriteProcessMemory request was completed. (0x12B)
[0105/130303.846:ERROR:process_memory_win.cc(73)] ReadMemory at 0x23e01f054ae of 96 bytes failed: Only part of a ReadProcessMemory or WriteProcessMemory request was completed. (0x12B)
[0105/130303.846:ERROR:process_memory_win.cc(73)] ReadMemory at 0x23e01f05520 of 58 bytes failed: Only part of a ReadProcessMemory or WriteProcessMemory request was completed. (0x12B)
[0105/130303.846:ERROR:process_memory_win.cc(73)] ReadMemory at 0x23e01f05620 of 132 bytes failed: Only part of a ReadProcessMemory or WriteProcessMemory request was completed. (0x12B)
[0105/130304.080:ERROR:process_memory_win.cc(73)] ReadMemory at 0x23e01f057b0 of 132 bytes failed: Only part of a ReadProcessMemory or WriteProcessMemory request was completed. (0x12B)
[0105/130304.080:ERROR:process_memory_win.cc(73)] ReadMemory at 0x23e01f05970 of 124 bytes failed: Only part of a ReadProcessMemory or WriteProcessMemory request was completed. (0x12B)
[0105/130304.080:ERROR:process_memory_win.cc(73)] ReadMemory at 0x23e01f05d50 of 132 bytes failed: Only part of a ReadProcessMemory or WriteProcessMemory request was completed. (0x12B)
[0105/130304.080:ERROR:process_memory_win.cc(73)] ReadMemory at 0x23e01f05ee0 of 64 bytes failed: Only part of a ReadProcessMemory or WriteProcessMemory request was completed. (0x12B)
[0105/130304.080:ERROR:process_memory_win.cc(73)] ReadMemory at 0x23e01f05f30 of 132 bytes failed: Only part of a ReadProcessMemory or WriteProcessMemory request was completed. (0x12B)
[0105/130304.096:ERROR:process_memory_win.cc(73)] ReadMemory at 0x23e01f060a0 of 132 bytes failed: Only part of a ReadProcessMemory or WriteProcessMemory request was completed. (0x12B)
[0105/130304.096:ERROR:process_memory_win.cc(73)] ReadMemory at 0x23e01f06340 of 132 bytes failed: Only part of a ReadProcessMemory or WriteProcessMemory request was completed. (0x12B)
[0105/130304.096:ERROR:process_memory_win.cc(73)] ReadMemory at 0x23e01f064d0 of 68 bytes failed: Only part of a ReadProcessMemory or WriteProcessMemory request was completed. (0x12B)
[0105/130304.096:ERROR:process_memory_win.cc(73)] ReadMemory at 0x23e01f075c0 of 132 bytes failed: Only part of a ReadProcessMemory or WriteProcessMemory request was completed. (0x12B)
[0105/130304.096:ERROR:process_memory_win.cc(73)] ReadMemory at 0x23e01f07750 of 152 bytes failed: Only part of a ReadProcessMemory or WriteProcessMemory request was completed. (0x12B)
[0105/130304.096:ERROR:process_memory_win.cc(73)] ReadMemory at 0x23e01f08610 of 62 bytes failed: Only part of a ReadProcessMemory or WriteProcessMemory request was completed. (0x12B)
[0105/130304.096:ERROR:process_memory_win.cc(73)] ReadMemory at 0x23e01f08660 of 156 bytes failed: Only part of a ReadProcessMemory or WriteProcessMemory request was completed. (0x12B)
[0105/130304.096:ERROR:process_memory_win.cc(73)] ReadMemory at 0x23e01f08740 of 132 bytes failed: Only part of a ReadProcessMemory or WriteProcessMemory request was completed. (0x12B)
[0105/130304.096:ERROR:process_memory_win.cc(73)] ReadMemory at 0x23e01f088d0 of 60 bytes failed: Only part of a ReadProcessMemory or WriteProcessMemory request was completed. (0x12B)
[0105/130304.096:ERROR:process_memory_win.cc(73)] ReadMemory at 0x23e01f09760 of 132 bytes failed: Only part of a ReadProcessMemory or WriteProcessMemory request was completed. (0x12B)
[0105/130304.096:ERROR:process_memory_win.cc(73)] ReadMemory at 0x23e01f099d0 of 132 bytes failed: Only part of a ReadProcessMemory or WriteProcessMemory request was completed. (0x12B)
[0105/130304.096:ERROR:process_memory_win.cc(73)] ReadMemory at 0x23e01f09be0 of 132 bytes failed: Only part of a ReadProcessMemory or WriteProcessMemory request was completed. (0x12B)
[0105/130304.096:ERROR:process_memory_win.cc(73)] ReadMemory at 0x23e01f09ec0 of 132 bytes failed: Only part of a ReadProcessMemory or WriteProcessMemory request was completed. (0x12B)
[0105/130304.096:ERROR:process_memory_win.cc(73)] ReadMemory at 0x23e01f0c560 of 132 bytes failed: Only part of a ReadProcessMemory or WriteProcessMemory request was completed. (0x12B)
[0105/130304.096:ERROR:process_memory_win.cc(73)] ReadMemory at 0x23e01f0c690 of 132 bytes failed: Only part of a ReadProcessMemory or WriteProcessMemory request was completed. (0x12B)
[0105/130304.096:ERROR:process_memory_win.cc(73)] ReadMemory at 0x23e01f0c820 of 80 bytes failed: Only part of a ReadProcessMemory or WriteProcessMemory request was completed. (0x12B)
[0105/130304.096:ERROR:process_memory_win.cc(73)] ReadMemory at 0x23e01f0ca10 of 64 bytes failed: Only part of a ReadProcessMemory or WriteProcessMemory request was completed. (0x12B)
[0105/130304.096:ERROR:process_memory_win.cc(73)] ReadMemory at 0x23e01f0cb00 of 64 bytes failed: Only part of a ReadProcessMemory or WriteProcessMemory request was completed. (0x12B)
[0105/130304.096:ERROR:process_memory_win.cc(73)] ReadMemory at 0x23e01f0cba0 of 60 bytes failed: Only part of a ReadProcessMemory or WriteProcessMemory request was completed. (0x12B)
[0105/130304.096:ERROR:process_memory_win.cc(73)] ReadMemory at 0x23e01f0cf10 of 64 bytes failed: Only part of a ReadProcessMemory or WriteProcessMemory request was completed. (0x12B)
[0105/130304.096:ERROR:process_memory_win.cc(73)] ReadMemory at 0x23e01f0cf60 of 66 bytes failed: Only part of a ReadProcessMemory or WriteProcessMemory request was completed. (0x12B)
[0105/130304.096:ERROR:process_memory_win.cc(73)] ReadMemory at 0x23e01f0cfb0 of 62 bytes failed: Only part of a ReadProcessMemory or WriteProcessMemory request was completed. (0x12B)
[0105/130304.096:ERROR:process_memory_win.cc(73)] ReadMemory at 0x23e01f0d000 of 62 bytes failed: Only part of a ReadProcessMemory or WriteProcessMemory request was completed. (0x12B)
[0105/130304.127:ERROR:process_memory_win.cc(73)] ReadMemory at 0x23e01f0d0a0 of 64 bytes failed: Only part of a ReadProcessMemory or WriteProcessMemory request was completed. (0x12B)
[0105/130304.127:ERROR:process_memory_win.cc(73)] ReadMemory at 0x23e01f0d0f0 of 60 bytes failed: Only part of a ReadProcessMemory or WriteProcessMemory request was completed. (0x12B)
[0105/130304.127:ERROR:process_memory_win.cc(73)] ReadMemory at 0x23e01f0dd00 of 76 bytes failed: Only part of a ReadProcessMemory or WriteProcessMemory request was completed. (0x12B)
[0105/130304.127:ERROR:process_memory_win.cc(73)] ReadMemory at 0x23e01f12230 of 54 bytes failed: Only part of a ReadProcessMemory or WriteProcessMemory request was completed. (0x12B)
[0105/130304.127:ERROR:process_memory_win.cc(73)] ReadMemory at 0x23e01f12f20 of 132 bytes failed: Only part of a ReadProcessMemory or WriteProcessMemory request was completed. (0x12B)
[0105/130304.127:ERROR:process_memory_win.cc(73)] ReadMemory at 0x23e01f13a60 of 132 bytes failed: Only part of a ReadProcessMemory or WriteProcessMemory request was completed. (0x12B)
[0105/130304.127:ERROR:process_memory_win.cc(73)] ReadMemory at 0x23e01f143d0 of 62 bytes failed: Only part of a ReadProcessMemory or WriteProcessMemory request was completed. (0x12B)
[0105/130304.127:ERROR:process_memory_win.cc(73)] ReadMemory at 0x23e01f144c0 of 64 bytes failed: Only part of a ReadProcessMemory or WriteProcessMemory request was completed. (0x12B)
[0105/130304.127:ERROR:process_memory_win.cc(73)] ReadMemory at 0x23e01f145b0 of 62 bytes failed: Only part of a ReadProcessMemory or WriteProcessMemory request was completed. (0x12B)
[0105/130304.127:ERROR:process_memory_win.cc(73)] ReadMemory at 0x23e01f14600 of 62 bytes failed: Only part of a ReadProcessMemory or WriteProcessMemory request was completed. (0x12B)
[0105/130304.127:ERROR:process_memory_win.cc(73)] ReadMemory at 0x23e01f146a0 of 60 bytes failed: Only part of a ReadProcessMemory or WriteProcessMemory request was completed. (0x12B)
[0105/130304.127:ERROR:process_memory_win.cc(73)] ReadMemory at 0x23e01f146f0 of 60 bytes failed: Only part of a ReadProcessMemory or WriteProcessMemory request was completed. (0x12B)
[0105/130304.127:ERROR:process_memory_win.cc(73)] ReadMemory at 0x23e01f14740 of 62 bytes failed: Only part of a ReadProcessMemory or WriteProcessMemory request was completed. (0x12B)
[0105/130304.127:ERROR:process_memory_win.cc(73)] ReadMemory at 0x23e01f148d0 of 60 bytes failed: Only part of a ReadProcessMemory or WriteProcessMemory request was completed. (0x12B)
[0105/130304.127:ERROR:process_memory_win.cc(73)] ReadMemory at 0x23e01f14920 of 64 bytes failed: Only part of a ReadProcessMemory or WriteProcessMemory request was completed. (0x12B)
[0105/130304.127:ERROR:process_memory_win.cc(73)] ReadMemory at 0x23e01f14970 of 58 bytes failed: Only part of a ReadProcessMemory or WriteProcessMemory request was completed. (0x12B)
[0105/130304.127:ERROR:process_memory_win.cc(73)] ReadMemory at 0x23e01f14a10 of 62 bytes failed: Only part of a ReadProcessMemory or WriteProcessMemory request was completed. (0x12B)
[0105/130304.127:ERROR:process_memory_win.cc(73)] ReadMemory at 0x23e01f14a60 of 64 bytes failed: Only part of a ReadProcessMemory or WriteProcessMemory request was completed. (0x12B)
[0105/130304.127:ERROR:process_memory_win.cc(73)] ReadMemory at 0x23e01f14ab0 of 66 bytes failed: Only part of a ReadProcessMemory or WriteProcessMemory request was completed. (0x12B)
[0105/130304.127:ERROR:process_memory_win.cc(73)] ReadMemory at 0x23e01f14d30 of 62 bytes failed: Only part of a ReadProcessMemory or WriteProcessMemory request was completed. (0x12B)
[0105/130304.127:ERROR:process_memory_win.cc(73)] ReadMemory at 0x23e01f14d80 of 62 bytes failed: Only part of a ReadProcessMemory or WriteProcessMemory request was completed. (0x12B)
[0105/130304.127:ERROR:process_memory_win.cc(73)] ReadMemory at 0x23e01f14dd0 of 62 bytes failed: Only part of a ReadProcessMemory or WriteProcessMemory request was completed. (0x12B)
[0105/130304.127:ERROR:process_memory_win.cc(73)] ReadMemory at 0x23e01f14f10 of 60 bytes failed: Only part of a ReadProcessMemory or WriteProcessMemory request was completed. (0x12B)
[0105/130304.143:ERROR:process_memory_win.cc(73)] ReadMemory at 0x23e01f14f60 of 64 bytes failed: Only part of a ReadProcessMemory or WriteProcessMemory request was completed. (0x12B)
[0105/130304.143:ERROR:process_memory_win.cc(73)] ReadMemory at 0x23e01f15a60 of 512 bytes failed: Only part of a ReadProcessMemory or WriteProcessMemory request was completed. (0x12B)
[0105/130304.143:ERROR:process_memory_win.cc(73)] ReadMemory at 0x23e01f18c70 of 132 bytes failed: Only part of a ReadProcessMemory or WriteProcessMemory request was completed. (0x12B)
[0105/130304.143:ERROR:process_memory_win.cc(73)] ReadMemory at 0x23e01f18fe0 of 132 bytes failed: Only part of a ReadProcessMemory or WriteProcessMemory request was completed. (0x12B)
[0105/130304.143:ERROR:process_memory_win.cc(73)] ReadMemory at 0x23e01f19110 of 132 bytes failed: Only part of a ReadProcessMemory or WriteProcessMemory request was completed. (0x12B)
[0105/130304.143:ERROR:process_memory_win.cc(73)] ReadMemory at 0x23e01f19240 of 132 bytes failed: Only part of a ReadProcessMemory or WriteProcessMemory request was completed. (0x12B)
[0105/130304.143:ERROR:process_memory_win.cc(73)] ReadMemory at 0x23e01f19370 of 132 bytes failed: Only part of a ReadProcessMemory or WriteProcessMemory request was completed. (0x12B)
[0105/130304.284:ERROR:process_memory_win.cc(73)] ReadMemory at 0x23e01f194a0 of 132 bytes failed: Only part of a ReadProcessMemory or WriteProcessMemory request was completed. (0x12B)
[0105/130304.284:ERROR:process_memory_win.cc(73)] ReadMemory at 0x23e01f195d0 of 132 bytes failed: Only part of a ReadProcessMemory or WriteProcessMemory request was completed. (0x12B)
[0105/130304.284:ERROR:process_memory_win.cc(73)] ReadMemory at 0x23e01f19700 of 132 bytes failed: Only part of a ReadProcessMemory or WriteProcessMemory request was completed. (0x12B)
[0105/130304.284:ERROR:process_memory_win.cc(73)] ReadMemory at 0x23e01f19960 of 132 bytes failed: Only part of a ReadProcessMemory or WriteProcessMemory request was completed. (0x12B)
[0105/130304.284:ERROR:process_memory_win.cc(73)] ReadMemory at 0x23e01f19a90 of 132 bytes failed: Only part of a ReadProcessMemory or WriteProcessMemory request was completed. (0x12B)
[0105/130304.284:ERROR:process_memory_win.cc(73)] ReadMemory at 0x23e01f19bc0 of 132 bytes failed: Only part of a ReadProcessMemory or WriteProcessMemory request was completed. (0x12B)
[0105/130304.284:ERROR:process_memory_win.cc(73)] ReadMemory at 0x23e01f19cf0 of 132 bytes failed: Only part of a ReadProcessMemory or WriteProcessMemory request was completed. (0x12B)
[0105/130304.284:ERROR:process_memory_win.cc(73)] ReadMemory at 0x23e01f19e20 of 132 bytes failed: Only part of a ReadProcessMemory or WriteProcessMemory request was completed. (0x12B)
[0105/130304.284:ERROR:process_memory_win.cc(73)] ReadMemory at 0x23e01f1a380 of 132 bytes failed: Only part of a ReadProcessMemory or WriteProcessMemory request was completed. (0x12B)
[0105/130304.440:ERROR:process_memory_win.cc(73)] ReadMemory at 0x23e01f1a4b0 of 132 bytes failed: Only part of a ReadProcessMemory or WriteProcessMemory request was completed. (0x12B)
[0105/130304.440:ERROR:process_memory_win.cc(73)] ReadMemory at 0x23e01f1a970 of 132 bytes failed: Only part of a ReadProcessMemory or WriteProcessMemory request was completed. (0x12B)
[0105/130304.440:ERROR:process_memory_win.cc(73)] ReadMemory at 0x23e01f1af60 of 132 bytes failed: Only part of a ReadProcessMemory or WriteProcessMemory request was completed. (0x12B)
[0105/130304.440:ERROR:process_memory_win.cc(73)] ReadMemory at 0x23e01f1b1c0 of 132 bytes failed: Only part of a ReadProcessMemory or WriteProcessMemory request was completed. (0x12B)
[0105/130304.440:ERROR:process_memory_win.cc(73)] ReadMemory at 0x23e01f1b550 of 132 bytes failed: Only part of a ReadProcessMemory or WriteProcessMemory request was completed. (0x12B)
[0105/130304.440:ERROR:process_memory_win.cc(73)] ReadMemory at 0x23e01f1b680 of 132 bytes failed: Only part of a ReadProcessMemory or WriteProcessMemory request was completed. (0x12B)
[0105/130304.440:ERROR:process_memory_win.cc(73)] ReadMemory at 0x23e01f1b7b0 of 132 bytes failed: Only part of a ReadProcessMemory or WriteProcessMemory request was completed. (0x12B)
[0105/130304.440:ERROR:process_memory_win.cc(73)] ReadMemory at 0x23e01f1ba10 of 132 bytes failed: Only part of a ReadProcessMemory or WriteProcessMemory request was completed. (0x12B)
[0105/130304.440:ERROR:process_memory_win.cc(73)] ReadMemory at 0x23e01f30a60 of 512 bytes failed: Only part of a ReadProcessMemory or WriteProcessMemory request was completed. (0x12B)
[0105/130304.455:ERROR:process_memory_win.cc(73)] ReadMemory at 0x23e022c6d10 of 512 bytes failed: Only part of a ReadProcessMemory or WriteProcessMemory request was completed. (0x12B)
[0105/130304.455:ERROR:process_memory_win.cc(73)] ReadMemory at 0x23e022cf740 of 512 bytes failed: Only part of a ReadProcessMemory or WriteProcessMemory request was completed. (0x12B)
[0105/130304.455:ERROR:process_memory_win.cc(73)] ReadMemory at 0x23e022d2e10 of 512 bytes failed: Only part of a ReadProcessMemory or WriteProcessMemory request was completed. (0x12B)
[0105/130304.455:ERROR:process_memory_win.cc(73)] ReadMemory at 0x23e022d4c50 of 512 bytes failed: Only part of a ReadProcessMemory or WriteProcessMemory request was completed. (0x12B)
[0105/130304.455:ERROR:process_memory_win.cc(73)] ReadMemory at 0x23e022e0a90 of 512 bytes failed: Only part of a ReadProcessMemory or WriteProcessMemory request was completed. (0x12B)
[0105/130304.455:ERROR:process_memory_win.cc(73)] ReadMemory at 0x23e022f7400 of 712 bytes failed: Only part of a ReadProcessMemory or WriteProcessMemory request was completed. (0x12B)
[0105/130304.455:ERROR:process_memory_win.cc(73)] ReadMemory at 0x23e02302168 of 512 bytes failed: Only part of a ReadProcessMemory or WriteProcessMemory request was completed. (0x12B)
[0105/130304.455:ERROR:process_memory_win.cc(73)] ReadMemory at 0x23e02303098 of 512 bytes failed: Only part of a ReadProcessMemory or WriteProcessMemory request was completed. (0x12B)
[0105/130304.455:ERROR:process_memory_win.cc(73)] ReadMemory at 0x23e02304f50 of 512 bytes failed: Only part of a ReadProcessMemory or WriteProcessMemory request was completed. (0x12B)
[0105/130304.455:ERROR:process_memory_win.cc(73)] ReadMemory at 0x23e0230f110 of 512 bytes failed: Only part of a ReadProcessMemory or WriteProcessMemory request was completed. (0x12B)
[0105/130304.455:ERROR:process_memory_win.cc(73)] ReadMemory at 0x23e023190d0 of 512 bytes failed: Only part of a ReadProcessMemory or WriteProcessMemory request was completed. (0x12B)
[0105/130304.455:ERROR:process_memory_win.cc(73)] ReadMemory at 0x23e02386b88 of 512 bytes failed: Only part of a ReadProcessMemory or WriteProcessMemory request was completed. (0x12B)
[0105/130304.455:ERROR:process_memory_win.cc(73)] ReadMemory at 0x23e040b24f0 of 512 bytes failed: Only part of a ReadProcessMemory or WriteProcessMemory request was completed. (0x12B)
[0105/130304.455:ERROR:process_memory_win.cc(73)] ReadMemory at 0x23e041fd110 of 512 bytes failed: Only part of a ReadProcessMemory or WriteProcessMemory request was completed. (0x12B)
[0105/130304.455:ERROR:process_memory_win.cc(73)] ReadMemory at 0x23e04600300 of 512 bytes failed: Only part of a ReadProcessMemory or WriteProcessMemory request was completed. (0x12B)
[0105/130304.455:ERROR:process_memory_win.cc(73)] ReadMemory at 0x521bff2c0000 of 384 bytes failed: Only part of a ReadProcessMemory or WriteProcessMemory request was completed. (0x12B)
[0105/130304.455:ERROR:process_memory_win.cc(73)] ReadMemory at 0x634480d39219 of 512 bytes failed: Only part of a ReadProcessMemory or WriteProcessMemory request was completed. (0x12B)
[0105/130304.455:ERROR:process_memory_win.cc(73)] ReadMemory at 0x7ffea7a95281 of 512 bytes failed: Only part of a ReadProcessMemory or WriteProcessMemory request was completed. (0x12B)
[0105/130304.455:ERROR:process_memory_win.cc(73)] ReadMemory at 0x7ffea934eeac of 512 bytes failed: Only part of a ReadProcessMemory or WriteProcessMemory request was completed. (0x12B)
[0105/130304.455:ERROR:process_memory_win.cc(73)] ReadMemory at 0x7ffea9b1cdd7 of 512 bytes failed: Only part of a ReadProcessMemory or WriteProcessMemory request was completed. (0x12B)
[0105/130304.455:ERROR:process_memory_win.cc(73)] ReadMemory at 0x7ffeacaacc68 of 512 bytes failed: Only part of a ReadProcessMemory or WriteProcessMemory request was completed. (0x12B)
[0105/130304.455:ERROR:process_memory_win.cc(73)] ReadMemory at 0x7ffeb7267bc3 of 512 bytes failed: Only part of a ReadProcessMemory or WriteProcessMemory request was completed. (0x12B)
[0105/130304.455:ERROR:process_memory_win.cc(73)] ReadMemory at 0x7ffeb72683ba of 512 bytes failed: Only part of a ReadProcessMemory or WriteProcessMemory request was completed. (0x12B)
[0105/130304.502:ERROR:process_memory_win.cc(73)] ReadMemory at 0x7fff0459c0c4 of 672 bytes failed: Only part of a ReadProcessMemory or WriteProcessMemory request was completed. (0x12B)
[0105/130304.534:ERROR:process_memory_win.cc(73)] ReadMemory at 0x7fff0459f974 of 608 bytes failed: Only part of a ReadProcessMemory or WriteProcessMemory request was completed. (0x12B)
[0105/130304.534:ERROR:process_memory_win.cc(73)] ReadMemory at 0x7fff0462c428 of 18 bytes failed: Only part of a ReadProcessMemory or WriteProcessMemory request was completed. (0x12B)
[0105/130304.534:ERROR:process_memory_win.cc(73)] ReadMemory at 0x7fff0465f4f8 of 40 bytes failed: Only part of a ReadProcessMemory or WriteProcessMemory request was completed. (0x12B)
[0105/130304.534:ERROR:process_memory_win.cc(73)] ReadMemory at 0x7fff0465f978 of 48 bytes failed: Only part of a ReadProcessMemory or WriteProcessMemory request was completed. (0x12B)
[0105/130304.534:ERROR:process_memory_win.cc(73)] ReadMemory at 0x7fff046653c0 of 64 bytes failed: Only part of a ReadProcessMemory or WriteProcessMemory request was completed. (0x12B)
[0105/130304.705:ERROR:scoped_process_suspend.cc(40)] NtResumeProcess: An attempt was made to access an exiting process. (0xc000010a)
